This is pdfTeX, Version 3.14159265-2.6-1.40.16 (TeX Live 2015/Debian) (preloaded format=pdflatex 2018.10.22)  24 MAY 2019 18:58
entering extended mode
 restricted \write18 enabled.
 %&-line parsing enabled.
**"first experiments with gamma and tau parameters.tex"
(./first experiments with gamma and tau parameters.tex
LaTeX2e <2016/02/01>
Babel <3.9q> and hyphenation patterns for 81 language(s) loaded.
(/usr/share/texlive/texmf-dist/tex/latex/base/article.cls
Document Class: article 2014/09/29 v1.4h Standard LaTeX document class
(/usr/share/texlive/texmf-dist/tex/latex/base/size10.clo
File: size10.clo 2014/09/29 v1.4h Standard LaTeX file (size option)
)
\c@part=\count79
\c@section=\count80
\c@subsection=\count81
\c@subsubsection=\count82
\c@paragraph=\count83
\c@subparagraph=\count84
\c@figure=\count85
\c@table=\count86
\abovecaptionskip=\skip41
\belowcaptionskip=\skip42
\bibindent=\dimen102
)
(/usr/share/texlive/texmf-dist/tex/latex/base/inputenc.sty
Package: inputenc 2015/03/17 v1.2c Input encoding file
\inpenc@prehook=\toks14
\inpenc@posthook=\toks15

(/usr/share/texlive/texmf-dist/tex/latex/base/latin1.def
File: latin1.def 2015/03/17 v1.2c Input encoding file
))
(/usr/share/texlive/texmf-dist/tex/latex/geometry/geometry.sty
Package: geometry 2010/09/12 v5.6 Page Geometry

(/usr/share/texlive/texmf-dist/tex/latex/graphics/keyval.sty
Package: keyval 2014/10/28 v1.15 key=value parser (DPC)
\KV@toks@=\toks16
)
(/usr/share/texlive/texmf-dist/tex/generic/oberdiek/ifpdf.sty
Package: ifpdf 2011/01/30 v2.3 Provides the ifpdf switch (HO)
Package ifpdf Info: pdfTeX in PDF mode is detected.
)
(/usr/share/texlive/texmf-dist/tex/generic/oberdiek/ifvtex.sty
Package: ifvtex 2010/03/01 v1.5 Detect VTeX and its facilities (HO)
Package ifvtex Info: VTeX not detected.
)
(/usr/share/texlive/texmf-dist/tex/generic/ifxetex/ifxetex.sty
Package: ifxetex 2010/09/12 v0.6 Provides ifxetex conditional
)
\Gm@cnth=\count87
\Gm@cntv=\count88
\c@Gm@tempcnt=\count89
\Gm@bindingoffset=\dimen103
\Gm@wd@mp=\dimen104
\Gm@odd@mp=\dimen105
\Gm@even@mp=\dimen106
\Gm@layoutwidth=\dimen107
\Gm@layoutheight=\dimen108
\Gm@layouthoffset=\dimen109
\Gm@layoutvoffset=\dimen110
\Gm@dimlist=\toks17
)
(/usr/share/texlive/texmf-dist/tex/generic/babel/babel.sty
Package: babel 2016/02/24 3.9q The Babel package

(/usr/share/texlive/texmf-dist/tex/generic/babel-english/english.ldf
Language: english 2012/08/20 v3.3p English support from the babel system

(/usr/share/texlive/texmf-dist/tex/generic/babel/babel.def
File: babel.def 2016/02/24 3.9q Babel common definitions
\babel@savecnt=\count90
\U@D=\dimen111
)
\l@canadian = a dialect from \language\l@american 
\l@australian = a dialect from \language\l@british 
\l@newzealand = a dialect from \language\l@british 
))
(/usr/share/texlive/texmf-dist/tex/latex/amsmath/amsmath.sty
Package: amsmath 2016/03/03 v2.15a AMS math features
\@mathmargin=\skip43

For additional information on amsmath, use the `?' option.
(/usr/share/texlive/texmf-dist/tex/latex/amsmath/amstext.sty
Package: amstext 2000/06/29 v2.01 AMS text

(/usr/share/texlive/texmf-dist/tex/latex/amsmath/amsgen.sty
File: amsgen.sty 1999/11/30 v2.0 generic functions
\@emptytoks=\toks18
\ex@=\dimen112
))
(/usr/share/texlive/texmf-dist/tex/latex/amsmath/amsbsy.sty
Package: amsbsy 1999/11/29 v1.2d Bold Symbols
\pmbraise@=\dimen113
)
(/usr/share/texlive/texmf-dist/tex/latex/amsmath/amsopn.sty
Package: amsopn 1999/12/14 v2.01 operator names
)
\inf@bad=\count91
LaTeX Info: Redefining \frac on input line 199.
\uproot@=\count92
\leftroot@=\count93
LaTeX Info: Redefining \overline on input line 297.
\classnum@=\count94
\DOTSCASE@=\count95
LaTeX Info: Redefining \ldots on input line 394.
LaTeX Info: Redefining \dots on input line 397.
LaTeX Info: Redefining \cdots on input line 518.
\Mathstrutbox@=\box26
\strutbox@=\box27
\big@size=\dimen114
LaTeX Font Info:    Redeclaring font encoding OML on input line 630.
LaTeX Font Info:    Redeclaring font encoding OMS on input line 631.
\macc@depth=\count96
\c@MaxMatrixCols=\count97
\dotsspace@=\muskip10
\c@parentequation=\count98
\dspbrk@lvl=\count99
\tag@help=\toks19
\row@=\count100
\column@=\count101
\maxfields@=\count102
\andhelp@=\toks20
\eqnshift@=\dimen115
\alignsep@=\dimen116
\tagshift@=\dimen117
\tagwidth@=\dimen118
\totwidth@=\dimen119
\lineht@=\dimen120
\@envbody=\toks21
\multlinegap=\skip44
\multlinetaggap=\skip45
\mathdisplay@stack=\toks22
LaTeX Info: Redefining \[ on input line 2735.
LaTeX Info: Redefining \] on input line 2736.
)
(/usr/share/texlive/texmf-dist/tex/latex/amsfonts/amsfonts.sty
Package: amsfonts 2013/01/14 v3.01 Basic AMSFonts support
\symAMSa=\mathgroup4
\symAMSb=\mathgroup5
LaTeX Font Info:    Overwriting math alphabet `\mathfrak' in version `bold'
(Font)                  U/euf/m/n --> U/euf/b/n on input line 106.
)
(/usr/share/texlive/texmf-dist/tex/latex/amsfonts/amssymb.sty
Package: amssymb 2013/01/14 v3.01 AMS font symbols
)
(/usr/share/texlive/texmf-dist/tex/latex/graphics/graphicx.sty
Package: graphicx 2014/10/28 v1.0g Enhanced LaTeX Graphics (DPC,SPQR)

(/usr/share/texlive/texmf-dist/tex/latex/graphics/graphics.sty
Package: graphics 2016/01/03 v1.0q Standard LaTeX Graphics (DPC,SPQR)

(/usr/share/texlive/texmf-dist/tex/latex/graphics/trig.sty
Package: trig 2016/01/03 v1.10 sin cos tan (DPC)
)
(/usr/share/texlive/texmf-dist/tex/latex/latexconfig/graphics.cfg
File: graphics.cfg 2010/04/23 v1.9 graphics configuration of TeX Live
)
Package graphics Info: Driver file: pdftex.def on input line 95.

(/usr/share/texlive/texmf-dist/tex/latex/pdftex-def/pdftex.def
File: pdftex.def 2011/05/27 v0.06d Graphics/color for pdfTeX

(/usr/share/texlive/texmf-dist/tex/generic/oberdiek/infwarerr.sty
Package: infwarerr 2010/04/08 v1.3 Providing info/warning/error messages (HO)
)
(/usr/share/texlive/texmf-dist/tex/generic/oberdiek/ltxcmds.sty
Package: ltxcmds 2011/11/09 v1.22 LaTeX kernel commands for general use (HO)
)
\Gread@gobject=\count103
))
\Gin@req@height=\dimen121
\Gin@req@width=\dimen122
)
(/usr/share/texlive/texmf-dist/tex/latex/tools/verbatim.sty
Package: verbatim 2014/10/28 v1.5q LaTeX2e package for verbatim enhancements
\every@verbatim=\toks23
\verbatim@line=\toks24
\verbatim@in@stream=\read1
)
(/usr/share/texlive/texmf-dist/tex/latex/hyperref/hyperref.sty
Package: hyperref 2012/11/06 v6.83m Hypertext links for LaTeX

(/usr/share/texlive/texmf-dist/tex/generic/oberdiek/hobsub-hyperref.sty
Package: hobsub-hyperref 2012/05/28 v1.13 Bundle oberdiek, subset hyperref (HO)


(/usr/share/texlive/texmf-dist/tex/generic/oberdiek/hobsub-generic.sty
Package: hobsub-generic 2012/05/28 v1.13 Bundle oberdiek, subset generic (HO)
Package: hobsub 2012/05/28 v1.13 Construct package bundles (HO)
Package hobsub Info: Skipping package `infwarerr' (already loaded).
Package hobsub Info: Skipping package `ltxcmds' (already loaded).
Package: ifluatex 2010/03/01 v1.3 Provides the ifluatex switch (HO)
Package ifluatex Info: LuaTeX not detected.
Package hobsub Info: Skipping package `ifvtex' (already loaded).
Package: intcalc 2007/09/27 v1.1 Expandable calculations with integers (HO)
Package hobsub Info: Skipping package `ifpdf' (already loaded).
Package: etexcmds 2011/02/16 v1.5 Avoid name clashes with e-TeX commands (HO)
Package etexcmds Info: Could not find \expanded.
(etexcmds)             That can mean that you are not using pdfTeX 1.50 or
(etexcmds)             that some package has redefined \expanded.
(etexcmds)             In the latter case, load this package earlier.
Package: kvsetkeys 2012/04/25 v1.16 Key value parser (HO)
Package: kvdefinekeys 2011/04/07 v1.3 Define keys (HO)
Package: pdftexcmds 2011/11/29 v0.20 Utility functions of pdfTeX for LuaTeX (HO
)
Package pdftexcmds Info: LuaTeX not detected.
Package pdftexcmds Info: \pdf@primitive is available.
Package pdftexcmds Info: \pdf@ifprimitive is available.
Package pdftexcmds Info: \pdfdraftmode found.
Package: pdfescape 2011/11/25 v1.13 Implements pdfTeX's escape features (HO)
Package: bigintcalc 2012/04/08 v1.3 Expandable calculations on big integers (HO
)
Package: bitset 2011/01/30 v1.1 Handle bit-vector datatype (HO)
Package: uniquecounter 2011/01/30 v1.2 Provide unlimited unique counter (HO)
)
Package hobsub Info: Skipping package `hobsub' (already loaded).
Package: letltxmacro 2010/09/02 v1.4 Let assignment for LaTeX macros (HO)
Package: hopatch 2012/05/28 v1.2 Wrapper for package hooks (HO)
Package: xcolor-patch 2011/01/30 xcolor patch
Package: atveryend 2011/06/30 v1.8 Hooks at the very end of document (HO)
Package atveryend Info: \enddocument detected (standard20110627).
Package: atbegshi 2011/10/05 v1.16 At begin shipout hook (HO)
Package: refcount 2011/10/16 v3.4 Data extraction from label references (HO)
Package: hycolor 2011/01/30 v1.7 Color options for hyperref/bookmark (HO)
)
(/usr/share/texlive/texmf-dist/tex/latex/oberdiek/auxhook.sty
Package: auxhook 2011/03/04 v1.3 Hooks for auxiliary files (HO)
)
(/usr/share/texlive/texmf-dist/tex/latex/oberdiek/kvoptions.sty
Package: kvoptions 2011/06/30 v3.11 Key value format for package options (HO)
)
\@linkdim=\dimen123
\Hy@linkcounter=\count104
\Hy@pagecounter=\count105

(/usr/share/texlive/texmf-dist/tex/latex/hyperref/pd1enc.def
File: pd1enc.def 2012/11/06 v6.83m Hyperref: PDFDocEncoding definition (HO)
)
\Hy@SavedSpaceFactor=\count106

(/usr/share/texlive/texmf-dist/tex/latex/latexconfig/hyperref.cfg
File: hyperref.cfg 2002/06/06 v1.2 hyperref configuration of TeXLive
)
Package hyperref Info: Hyper figures OFF on input line 4443.
Package hyperref Info: Link nesting OFF on input line 4448.
Package hyperref Info: Hyper index ON on input line 4451.
Package hyperref Info: Plain pages OFF on input line 4458.
Package hyperref Info: Backreferencing OFF on input line 4463.
Package hyperref Info: Implicit mode ON; LaTeX internals redefined.
Package hyperref Info: Bookmarks ON on input line 4688.
\c@Hy@tempcnt=\count107

(/usr/share/texlive/texmf-dist/tex/latex/url/url.sty
\Urlmuskip=\muskip11
Package: url 2013/09/16  ver 3.4  Verb mode for urls, etc.
)
LaTeX Info: Redefining \url on input line 5041.
\XeTeXLinkMargin=\dimen124
\Fld@menulength=\count108
\Field@Width=\dimen125
\Fld@charsize=\dimen126
Package hyperref Info: Hyper figures OFF on input line 6295.
Package hyperref Info: Link nesting OFF on input line 6300.
Package hyperref Info: Hyper index ON on input line 6303.
Package hyperref Info: backreferencing OFF on input line 6310.
Package hyperref Info: Link coloring OFF on input line 6315.
Package hyperref Info: Link coloring with OCG OFF on input line 6320.
Package hyperref Info: PDF/A mode OFF on input line 6325.
LaTeX Info: Redefining \ref on input line 6365.
LaTeX Info: Redefining \pageref on input line 6369.
\Hy@abspage=\count109
\c@Item=\count110
\c@Hfootnote=\count111
)

Package hyperref Message: Driver (autodetected): hpdftex.

(/usr/share/texlive/texmf-dist/tex/latex/hyperref/hpdftex.def
File: hpdftex.def 2012/11/06 v6.83m Hyperref driver for pdfTeX
\Fld@listcount=\count112
\c@bookmark@seq@number=\count113

(/usr/share/texlive/texmf-dist/tex/latex/oberdiek/rerunfilecheck.sty
Package: rerunfilecheck 2011/04/15 v1.7 Rerun checks for auxiliary files (HO)
Package uniquecounter Info: New unique counter `rerunfilecheck' on input line 2
82.
)
\Hy@SectionHShift=\skip46
)
(/usr/share/texlive/texmf-dist/tex/latex/booktabs/booktabs.sty
Package: booktabs 2005/04/14 v1.61803 publication quality tables
\heavyrulewidth=\dimen127
\lightrulewidth=\dimen128
\cmidrulewidth=\dimen129
\belowrulesep=\dimen130
\belowbottomsep=\dimen131
\aboverulesep=\dimen132
\abovetopsep=\dimen133
\cmidrulesep=\dimen134
\cmidrulekern=\dimen135
\defaultaddspace=\dimen136
\@cmidla=\count114
\@cmidlb=\count115
\@aboverulesep=\dimen137
\@belowrulesep=\dimen138
\@thisruleclass=\count116
\@lastruleclass=\count117
\@thisrulewidth=\dimen139
)
(/usr/share/texlive/texmf-dist/tex/latex/subfig/subfig.sty
Package: subfig 2005/06/28 ver: 1.3 subfig package

(/usr/share/texlive/texmf-dist/tex/latex/caption/caption.sty
Package: caption 2016/02/21 v3.3-144 Customizing captions (AR)

(/usr/share/texlive/texmf-dist/tex/latex/caption/caption3.sty
Package: caption3 2016/02/04 v1.7-139 caption3 kernel (AR)
Package caption3 Info: TeX engine: e-TeX on input line 67.
\captionmargin=\dimen140
\captionmargin@=\dimen141
\captionwidth=\dimen142
\caption@tempdima=\dimen143
\caption@indent=\dimen144
\caption@parindent=\dimen145
\caption@hangindent=\dimen146
)
\c@ContinuedFloat=\count118
Package caption Info: hyperref package is loaded.
)
\c@KVtest=\count119
\sf@farskip=\skip47
\sf@captopadj=\dimen147
\sf@capskip=\skip48
\sf@nearskip=\skip49
\c@subfigure=\count120
\c@subfigure@save=\count121
\c@lofdepth=\count122
\c@subtable=\count123
\c@subtable@save=\count124
\c@lotdepth=\count125
\sf@top=\skip50
\sf@bottom=\skip51
)
(/usr/share/texlive/texmf-dist/tex/latex/amscls/amsthm.sty
Package: amsthm 2015/03/04 v2.20.2
\thm@style=\toks25
\thm@bodyfont=\toks26
\thm@headfont=\toks27
\thm@notefont=\toks28
\thm@headpunct=\toks29
\thm@preskip=\skip52
\thm@postskip=\skip53
\thm@headsep=\skip54
\dth@everypar=\toks30
)
(/usr/share/texlive/texmf-dist/tex/latex/tools/bm.sty
Package: bm 2014/10/28 v1.1c Bold Symbol Support (DPC/FMi)
\symboldoperators=\mathgroup6
\symboldletters=\mathgroup7
\symboldsymbols=\mathgroup8
LaTeX Font Info:    Redeclaring math alphabet \mathbf on input line 141.
LaTeX Info: Redefining \bm on input line 207.
)
(/usr/share/texlive/texmf-dist/tex/latex/graphics/color.sty
Package: color 2016/01/03 v1.1b Standard LaTeX Color (DPC)

(/usr/share/texlive/texmf-dist/tex/latex/latexconfig/color.cfg
File: color.cfg 2007/01/18 v1.5 color configuration of teTeX/TeXLive
)
Package color Info: Driver file: pdftex.def on input line 143.

(/usr/share/texlive/texmf-dist/tex/latex/graphics/dvipsnam.def
File: dvipsnam.def 2015/12/30 v3.0k Driver-dependent file (DPC,SPQR)
))
(./first experiments with gamma and tau parameters.aux)
\openout1 = `"first experiments with gamma and tau parameters.aux"'.

LaTeX Font Info:    Checking defaults for OML/cmm/m/it on input line 18.
LaTeX Font Info:    ... okay on input line 18.
LaTeX Font Info:    Checking defaults for T1/cmr/m/n on input line 18.
LaTeX Font Info:    ... okay on input line 18.
LaTeX Font Info:    Checking defaults for OT1/cmr/m/n on input line 18.
LaTeX Font Info:    ... okay on input line 18.
LaTeX Font Info:    Checking defaults for OMS/cmsy/m/n on input line 18.
LaTeX Font Info:    ... okay on input line 18.
LaTeX Font Info:    Checking defaults for OMX/cmex/m/n on input line 18.
LaTeX Font Info:    ... okay on input line 18.
LaTeX Font Info:    Checking defaults for U/cmr/m/n on input line 18.
LaTeX Font Info:    ... okay on input line 18.
LaTeX Font Info:    Checking defaults for PD1/pdf/m/n on input line 18.
LaTeX Font Info:    ... okay on input line 18.

*geometry* driver: auto-detecting
*geometry* detected driver: pdftex
*geometry* verbose mode - [ preamble ] result:
* driver: pdftex
* paper: a4paper
* layout: <same size as paper>
* layoutoffset:(h,v)=(0.0pt,0.0pt)
* modes: 
* h-part:(L,W,R)=(85.35826pt, 441.01773pt, 71.13188pt)
* v-part:(T,H,B)=(71.13188pt, 702.78308pt, 71.13188pt)
* \paperwidth=597.50787pt
* \paperheight=845.04684pt
* \textwidth=441.01773pt
* \textheight=702.78308pt
* \oddsidemargin=13.08827pt
* \evensidemargin=13.08827pt
* \topmargin=-38.1381pt
* \headheight=12.0pt
* \headsep=25.0pt
* \topskip=10.0pt
* \footskip=30.0pt
* \marginparwidth=57.0pt
* \marginparsep=11.0pt
* \columnsep=10.0pt
* \skip\footins=9.0pt plus 4.0pt minus 2.0pt
* \hoffset=0.0pt
* \voffset=0.0pt
* \mag=1000
* \@twocolumnfalse
* \@twosidefalse
* \@mparswitchfalse
* \@reversemarginfalse
* (1in=72.27pt=25.4mm, 1cm=28.453pt)

(/usr/share/texlive/texmf-dist/tex/context/base/supp-pdf.mkii
[Loading MPS to PDF converter (version 2006.09.02).]
\scratchcounter=\count126
\scratchdimen=\dimen148
\scratchbox=\box28
\nofMPsegments=\count127
\nofMParguments=\count128
\everyMPshowfont=\toks31
\MPscratchCnt=\count129
\MPscratchDim=\dimen149
\MPnumerator=\count130
\makeMPintoPDFobject=\count131
\everyMPtoPDFconversion=\toks32
) (/usr/share/texlive/texmf-dist/tex/latex/oberdiek/epstopdf-base.sty
Package: epstopdf-base 2010/02/09 v2.5 Base part for package epstopdf

(/usr/share/texlive/texmf-dist/tex/latex/oberdiek/grfext.sty
Package: grfext 2010/08/19 v1.1 Manage graphics extensions (HO)
)
Package grfext Info: Graphics extension search list:
(grfext)             [.png,.pdf,.jpg,.mps,.jpeg,.jbig2,.jb2,.PNG,.PDF,.JPG,.JPE
G,.JBIG2,.JB2,.eps]
(grfext)             \AppendGraphicsExtensions on input line 452.

(/usr/share/texlive/texmf-dist/tex/latex/latexconfig/epstopdf-sys.cfg
File: epstopdf-sys.cfg 2010/07/13 v1.3 Configuration of (r)epstopdf for TeX Liv
e
))
\AtBeginShipoutBox=\box29
Package hyperref Info: Link coloring OFF on input line 18.

(/usr/share/texlive/texmf-dist/tex/latex/hyperref/nameref.sty
Package: nameref 2012/10/27 v2.43 Cross-referencing by name of section

(/usr/share/texlive/texmf-dist/tex/generic/oberdiek/gettitlestring.sty
Package: gettitlestring 2010/12/03 v1.4 Cleanup title references (HO)
)
\c@section@level=\count132
)
LaTeX Info: Redefining \ref on input line 18.
LaTeX Info: Redefining \pageref on input line 18.
LaTeX Info: Redefining \nameref on input line 18.

(./first experiments with gamma and tau parameters.out)
(./first experiments with gamma and tau parameters.out)
\@outlinefile=\write3
\openout3 = `"first experiments with gamma and tau parameters.out"'.

Package caption Info: Begin \AtBeginDocument code.
Package caption Info: subfig package v1.3 is loaded.
Package caption Info: End \AtBeginDocument code.
LaTeX Font Info:    Try loading font information for U+msa on input line 21.

(/usr/share/texlive/texmf-dist/tex/latex/amsfonts/umsa.fd
File: umsa.fd 2013/01/14 v3.01 AMS symbols A
)
LaTeX Font Info:    Try loading font information for U+msb on input line 21.

(/usr/share/texlive/texmf-dist/tex/latex/amsfonts/umsb.fd
File: umsb.fd 2013/01/14 v3.01 AMS symbols B
) [1

{/var/lib/texmf/fonts/map/pdftex/updmap/pdftex.map}] [2]
<../Images/pre-learning/changing_A/membrane_A_0.png, id=101, 421.575pt x 316.18
124pt>
File: ../Images/pre-learning/changing_A/membrane_A_0.png Graphic file (type png
)
 <use ../Images/pre-learning/changing_A/membrane_A_0.png>
Package pdftex.def Info: ../Images/pre-learning/changing_A/membrane_A_0.png use
d on input line 164.
(pdftex.def)             Requested size: 145.53665pt x 109.15501pt.

<../Images/pre-learning/changing_A/raster_A_0.png, id=102, 421.575pt x 316.1812
4pt>
File: ../Images/pre-learning/changing_A/raster_A_0.png Graphic file (type png)
 <use ../Images/pre-learning/changing_A/raster_A_0.png>
Package pdftex.def Info: ../Images/pre-learning/changing_A/raster_A_0.png used 
on input line 165.
(pdftex.def)             Requested size: 145.53665pt x 109.15501pt.

<../Images/pre-learning/changing_A/gna_A_0.png, id=103, 421.575pt x 316.18124pt
>
File: ../Images/pre-learning/changing_A/gna_A_0.png Graphic file (type png)
 <use ../Images/pre-learning/changing_A/gna_A_0.png>
Package pdftex.def Info: ../Images/pre-learning/changing_A/gna_A_0.png used on 
input line 166.
(pdftex.def)             Requested size: 145.53665pt x 109.15501pt.

Overfull \hbox (5.59221pt too wide) in paragraph at lines 164--166
 [][][][][][] 
 []


<../Images/pre-learning/changing_A/membrane_A_10.png, id=104, 421.575pt x 316.1
8124pt>
File: ../Images/pre-learning/changing_A/membrane_A_10.png Graphic file (type pn
g)
 <use ../Images/pre-learning/changing_A/membrane_A_10.png>
Package pdftex.def Info: ../Images/pre-learning/changing_A/membrane_A_10.png us
ed on input line 168.
(pdftex.def)             Requested size: 145.53665pt x 109.15501pt.

<../Images/pre-learning/changing_A/raster_A_10.png, id=105, 421.575pt x 316.181
24pt>
File: ../Images/pre-learning/changing_A/raster_A_10.png Graphic file (type png)

 <use ../Images/pre-learning/changing_A/raster_A_10.png>
Package pdftex.def Info: ../Images/pre-learning/changing_A/raster_A_10.png used
 on input line 169.
(pdftex.def)             Requested size: 145.53665pt x 109.15501pt.

<../Images/pre-learning/changing_A/gna_A_10.png, id=106, 421.575pt x 316.18124p
t>
File: ../Images/pre-learning/changing_A/gna_A_10.png Graphic file (type png)
 <use ../Images/pre-learning/changing_A/gna_A_10.png>
Package pdftex.def Info: ../Images/pre-learning/changing_A/gna_A_10.png used on
 input line 170.
(pdftex.def)             Requested size: 145.53665pt x 109.15501pt.

Overfull \hbox (5.59221pt too wide) in paragraph at lines 168--170
 [][][][][][] 
 []


<../Images/pre-learning/changing_A/membrane_A_50.png, id=107, 421.575pt x 316.1
8124pt>
File: ../Images/pre-learning/changing_A/membrane_A_50.png Graphic file (type pn
g)
 <use ../Images/pre-learning/changing_A/membrane_A_50.png>
Package pdftex.def Info: ../Images/pre-learning/changing_A/membrane_A_50.png us
ed on input line 172.
(pdftex.def)             Requested size: 145.53665pt x 109.15501pt.

<../Images/pre-learning/changing_A/raster_A_50.png, id=108, 421.575pt x 316.181
24pt>
File: ../Images/pre-learning/changing_A/raster_A_50.png Graphic file (type png)

 <use ../Images/pre-learning/changing_A/raster_A_50.png>
Package pdftex.def Info: ../Images/pre-learning/changing_A/raster_A_50.png used
 on input line 173.
(pdftex.def)             Requested size: 145.53665pt x 109.15501pt.

<../Images/pre-learning/changing_A/gna_A_50.png, id=109, 421.575pt x 316.18124p
t>
File: ../Images/pre-learning/changing_A/gna_A_50.png Graphic file (type png)
 <use ../Images/pre-learning/changing_A/gna_A_50.png>
Package pdftex.def Info: ../Images/pre-learning/changing_A/gna_A_50.png used on
 input line 174.
(pdftex.def)             Requested size: 145.53665pt x 109.15501pt.

Overfull \hbox (5.59221pt too wide) in paragraph at lines 172--174
 [][][][][][] 
 []


<../Images/pre-learning/changing_A/membrane_A_100.png, id=110, 421.575pt x 316.
18124pt>
File: ../Images/pre-learning/changing_A/membrane_A_100.png Graphic file (type p
ng)
 <use ../Images/pre-learning/changing_A/membrane_A_100.png>
Package pdftex.def Info: ../Images/pre-learning/changing_A/membrane_A_100.png u
sed on input line 176.
(pdftex.def)             Requested size: 145.53665pt x 109.15501pt.

<../Images/pre-learning/changing_A/raster_A_100.png, id=111, 421.575pt x 316.18
124pt>
File: ../Images/pre-learning/changing_A/raster_A_100.png Graphic file (type png
)
 <use ../Images/pre-learning/changing_A/raster_A_100.png>
Package pdftex.def Info: ../Images/pre-learning/changing_A/raster_A_100.png use
d on input line 177.
(pdftex.def)             Requested size: 145.53665pt x 109.15501pt.

<../Images/pre-learning/changing_A/gna_A_100.png, id=112, 421.575pt x 316.18124
pt>
File: ../Images/pre-learning/changing_A/gna_A_100.png Graphic file (type png)
 <use ../Images/pre-learning/changing_A/gna_A_100.png>
Package pdftex.def Info: ../Images/pre-learning/changing_A/gna_A_100.png used o
n input line 178.
(pdftex.def)             Requested size: 145.53665pt x 109.15501pt.

Overfull \hbox (5.59221pt too wide) in paragraph at lines 176--178
 [][][][][][] 
 []


<../Images/pre-learning/changing_A/membrane_A_200.png, id=113, 421.575pt x 316.
18124pt>
File: ../Images/pre-learning/changing_A/membrane_A_200.png Graphic file (type p
ng)
 <use ../Images/pre-learning/changing_A/membrane_A_200.png>
Package pdftex.def Info: ../Images/pre-learning/changing_A/membrane_A_200.png u
sed on input line 180.
(pdftex.def)             Requested size: 145.53665pt x 109.15501pt.

<../Images/pre-learning/changing_A/raster_A_200.png, id=114, 421.575pt x 316.18
124pt>
File: ../Images/pre-learning/changing_A/raster_A_200.png Graphic file (type png
)
 <use ../Images/pre-learning/changing_A/raster_A_200.png>
Package pdftex.def Info: ../Images/pre-learning/changing_A/raster_A_200.png use
d on input line 181.
(pdftex.def)             Requested size: 145.53665pt x 109.15501pt.

<../Images/pre-learning/changing_A/gna_A_200.png, id=115, 421.575pt x 316.18124
pt>
File: ../Images/pre-learning/changing_A/gna_A_200.png Graphic file (type png)
 <use ../Images/pre-learning/changing_A/gna_A_200.png>
Package pdftex.def Info: ../Images/pre-learning/changing_A/gna_A_200.png used o
n input line 182.
(pdftex.def)             Requested size: 145.53665pt x 109.15501pt.

Overfull \hbox (5.59221pt too wide) in paragraph at lines 180--182
 [][][][][][] 
 []


<../Images/pre-learning/changing_A/membrane_A_500.png, id=116, 421.575pt x 316.
18124pt>
File: ../Images/pre-learning/changing_A/membrane_A_500.png Graphic file (type p
ng)
 <use ../Images/pre-learning/changing_A/membrane_A_500.png>
Package pdftex.def Info: ../Images/pre-learning/changing_A/membrane_A_500.png u
sed on input line 184.
(pdftex.def)             Requested size: 145.53665pt x 109.15501pt.

<../Images/pre-learning/changing_A/raster_A_500.png, id=117, 421.575pt x 316.18
124pt>
File: ../Images/pre-learning/changing_A/raster_A_500.png Graphic file (type png
)
 <use ../Images/pre-learning/changing_A/raster_A_500.png>
Package pdftex.def Info: ../Images/pre-learning/changing_A/raster_A_500.png use
d on input line 185.
(pdftex.def)             Requested size: 145.53665pt x 109.15501pt.

<../Images/pre-learning/changing_A/gna_A_500.png, id=118, 421.575pt x 316.18124
pt>
File: ../Images/pre-learning/changing_A/gna_A_500.png Graphic file (type png)
 <use ../Images/pre-learning/changing_A/gna_A_500.png>
Package pdftex.def Info: ../Images/pre-learning/changing_A/gna_A_500.png used o
n input line 186.
(pdftex.def)             Requested size: 145.53665pt x 109.15501pt.

Overfull \hbox (5.59221pt too wide) in paragraph at lines 184--186
 [][][][][][] 
 []


LaTeX Warning: Float too large for page by 39.147pt on input line 189.


LaTeX Warning: `!h' float specifier changed to `!ht'.


<../Images/pre-learning/changing_f_osc/membrane_f_4.png, id=119, 421.575pt x 31
6.18124pt>
File: ../Images/pre-learning/changing_f_osc/membrane_f_4.png Graphic file (type
 png)
 <use ../Images/pre-learning/changing_f_osc/membrane_f_4.png>
Package pdftex.def Info: ../Images/pre-learning/changing_f_osc/membrane_f_4.png
 used on input line 194.
(pdftex.def)             Requested size: 145.53665pt x 109.15501pt.

<../Images/pre-learning/changing_f_osc/raster_f_4.png, id=120, 421.575pt x 316.
18124pt>
File: ../Images/pre-learning/changing_f_osc/raster_f_4.png Graphic file (type p
ng)
 <use ../Images/pre-learning/changing_f_osc/raster_f_4.png>
Package pdftex.def Info: ../Images/pre-learning/changing_f_osc/raster_f_4.png u
sed on input line 195.
(pdftex.def)             Requested size: 145.53665pt x 109.15501pt.

<../Images/pre-learning/changing_f_osc/gna_f_4.png, id=121, 421.575pt x 316.181
24pt>
File: ../Images/pre-learning/changing_f_osc/gna_f_4.png Graphic file (type png)

 <use ../Images/pre-learning/changing_f_osc/gna_f_4.png>
Package pdftex.def Info: ../Images/pre-learning/changing_f_osc/gna_f_4.png used
 on input line 196.
(pdftex.def)             Requested size: 145.53665pt x 109.15501pt.

Overfull \hbox (5.59221pt too wide) in paragraph at lines 194--196
 [][][][][][] 
 []


<../Images/pre-learning/changing_f_osc/membrane_f_7.png, id=122, 421.575pt x 31
6.18124pt>
File: ../Images/pre-learning/changing_f_osc/membrane_f_7.png Graphic file (type
 png)
 <use ../Images/pre-learning/changing_f_osc/membrane_f_7.png>
Package pdftex.def Info: ../Images/pre-learning/changing_f_osc/membrane_f_7.png
 used on input line 197.
(pdftex.def)             Requested size: 145.53665pt x 109.15501pt.

<../Images/pre-learning/changing_f_osc/raster_f_7.png, id=123, 421.575pt x 316.
18124pt>
File: ../Images/pre-learning/changing_f_osc/raster_f_7.png Graphic file (type p
ng)
 <use ../Images/pre-learning/changing_f_osc/raster_f_7.png>
Package pdftex.def Info: ../Images/pre-learning/changing_f_osc/raster_f_7.png u
sed on input line 198.
(pdftex.def)             Requested size: 145.53665pt x 109.15501pt.

<../Images/pre-learning/changing_f_osc/gna_f_7.png, id=124, 421.575pt x 316.181
24pt>
File: ../Images/pre-learning/changing_f_osc/gna_f_7.png Graphic file (type png)

 <use ../Images/pre-learning/changing_f_osc/gna_f_7.png>
Package pdftex.def Info: ../Images/pre-learning/changing_f_osc/gna_f_7.png used
 on input line 199.
(pdftex.def)             Requested size: 145.53665pt x 109.15501pt.

Overfull \hbox (5.59221pt too wide) in paragraph at lines 197--199
 [][][][][][] 
 []


<../Images/pre-learning/changing_f_osc/membrane_f_10.png, id=125, 421.575pt x 3
16.18124pt>
File: ../Images/pre-learning/changing_f_osc/membrane_f_10.png Graphic file (typ
e png)
 <use ../Images/pre-learning/changing_f_osc/membrane_f_10.png>
Package pdftex.def Info: ../Images/pre-learning/changing_f_osc/membrane_f_10.pn
g used on input line 200.
(pdftex.def)             Requested size: 145.53665pt x 109.15501pt.

<../Images/pre-learning/changing_f_osc/raster_f_10.png, id=126, 421.575pt x 316
.18124pt>
File: ../Images/pre-learning/changing_f_osc/raster_f_10.png Graphic file (type 
png)
 <use ../Images/pre-learning/changing_f_osc/raster_f_10.png>
Package pdftex.def Info: ../Images/pre-learning/changing_f_osc/raster_f_10.png 
used on input line 201.
(pdftex.def)             Requested size: 145.53665pt x 109.15501pt.

<../Images/pre-learning/changing_f_osc/gna_f_10.png, id=127, 421.575pt x 316.18
124pt>
File: ../Images/pre-learning/changing_f_osc/gna_f_10.png Graphic file (type png
)
 <use ../Images/pre-learning/changing_f_osc/gna_f_10.png>
Package pdftex.def Info: ../Images/pre-learning/changing_f_osc/gna_f_10.png use
d on input line 202.
(pdftex.def)             Requested size: 145.53665pt x 109.15501pt.

Overfull \hbox (5.59221pt too wide) in paragraph at lines 200--202
 [][][][][][] 
 []


LaTeX Warning: `!h' float specifier changed to `!ht'.


Package hyperref Warning: Token not allowed in a PDF string (PDFDocEncoding):
(hyperref)                removing `math shift' on input line 212.


Package hyperref Warning: Token not allowed in a PDF string (PDFDocEncoding):
(hyperref)                removing `\varphi' on input line 212.


Package hyperref Warning: Token not allowed in a PDF string (PDFDocEncoding):
(hyperref)                removing `subscript' on input line 212.


Package hyperref Warning: Token not allowed in a PDF string (PDFDocEncoding):
(hyperref)                removing `math shift' on input line 212.


Overfull \hbox (19.447pt too wide) in paragraph at lines 225--250
 [][] 
 []


LaTeX Warning: `!h' float specifier changed to `!ht'.


Overfull \hbox (15.6137pt too wide) in paragraph at lines 258--283
 [][] 
 []


LaTeX Warning: `!h' float specifier changed to `!ht'.

(./first experiments with gamma and tau parameters.bbl)
Package atveryend Info: Empty hook `BeforeClearDocument' on input line 290.
 [3] [4] [5 <../Images/pre-learning/changing_A/membrane_A_0.png (PNG copy)> <..
/Images/pre-learning/changing_A/raster_A_0.png (PNG copy)> <../Images/pre-learn
ing/changing_A/gna_A_0.png (PNG copy)> <../Images/pre-learning/changing_A/membr
ane_A_10.png (PNG copy)> <../Images/pre-learning/changing_A/raster_A_10.png (PN
G copy)> <../Images/pre-learning/changing_A/gna_A_10.png (PNG copy)> <../Images
/pre-learning/changing_A/membrane_A_50.png (PNG copy)> <../Images/pre-learning/
changing_A/raster_A_50.png (PNG copy)> <../Images/pre-learning/changing_A/gna_A
_50.png (PNG copy)> <../Images/pre-learning/changing_A/membrane_A_100.png (PNG 
copy)> <../Images/pre-learning/changing_A/raster_A_100.png (PNG copy)> <../Imag
es/pre-learning/changing_A/gna_A_100.png (PNG copy)> <../Images/pre-learning/ch
anging_A/membrane_A_200.png (PNG copy)> <../Images/pre-learning/changing_A/rast
er_A_200.png (PNG copy)> <../Images/pre-learning/changing_A/gna_A_200.png (PNG 
copy)> <../Images/pre-learning/changing_A/membrane_A_500.png (PNG copy)> <../Im
ages/pre-learning/changing_A/raster_A_500.png (PNG copy)> <../Images/pre-learni
ng/changing_A/gna_A_500.png (PNG copy)>] [6 <../Images/pre-learning/changing_f_
osc/membrane_f_4.png (PNG copy)> <../Images/pre-learning/changing_f_osc/raster_
f_4.png (PNG copy)> <../Images/pre-learning/changing_f_osc/gna_f_4.png (PNG cop
y)> <../Images/pre-learning/changing_f_osc/membrane_f_7.png (PNG copy)> <../Ima
ges/pre-learning/changing_f_osc/raster_f_7.png (PNG copy)> <../Images/pre-learn
ing/changing_f_osc/gna_f_7.png (PNG copy)> <../Images/pre-learning/changing_f_o
sc/membrane_f_10.png (PNG copy)> <../Images/pre-learning/changing_f_osc/raster_
f_10.png (PNG copy)> <../Images/pre-learning/changing_f_osc/gna_f_10.png (PNG c
opy)>]
Package atveryend Info: Empty hook `AfterLastShipout' on input line 290.

(./first experiments with gamma and tau parameters.aux)
Package atveryend Info: Executing hook `AtVeryEndDocument' on input line 290.
Package atveryend Info: Executing hook `AtEndAfterFileList' on input line 290.
Package rerunfilecheck Info: File `"first experiments with gamma and tau parame
ters".out' has not changed.
(rerunfilecheck)             Checksum: AE2CF425E662955971F965FF80EDF6EE;642.


LaTeX Warning: Label(s) may have changed. Rerun to get cross-references right.

Package atveryend Info: Empty hook `AtVeryVeryEnd' on input line 290.
 ) 
Here is how much of TeX's memory you used:
 8719 strings out of 493029
 134179 string characters out of 6136233
 253496 words of memory out of 5000000
 12021 multiletter control sequences out of 15000+600000
 17535 words of font info for 65 fonts, out of 8000000 for 9000
 1141 hyphenation exceptions out of 8191
 44i,15n,42p,977b,354s stack positions out of 5000i,500n,10000p,200000b,80000s
pdfTeX warning (dest): name{table.caption.6} has been referenced but does not
 exist, replaced by a fixed one

</usr/share/texlive/texmf-dist/fonts/type1/public/amsfonts/cm/cmbsy10.pfb></usr
/share/texlive/texmf-dist/fonts/type1/public/amsfonts/cm/cmbx10.pfb></usr/share
/texlive/texmf-dist/fonts/type1/public/amsfonts/cm/cmbx12.pfb></usr/share/texli
ve/texmf-dist/fonts/type1/public/amsfonts/cm/cmbx7.pfb></usr/share/texlive/texm
f-dist/fonts/type1/public/amsfonts/cm/cmbx9.pfb></usr/share/texlive/texmf-dist/
fonts/type1/public/amsfonts/cm/cmex10.pfb></usr/share/texlive/texmf-dist/fonts/
type1/public/amsfonts/cm/cmmi10.pfb></usr/share/texlive/texmf-dist/fonts/type1/
public/amsfonts/cm/cmmi7.pfb></usr/share/texlive/texmf-dist/fonts/type1/public/
amsfonts/cm/cmmib10.pfb></usr/share/texlive/texmf-dist/fonts/type1/public/amsfo
nts/cmextra/cmmib7.pfb></usr/share/texlive/texmf-dist/fonts/type1/public/amsfon
ts/cm/cmr10.pfb></usr/share/texlive/texmf-dist/fonts/type1/public/amsfonts/cm/c
mr12.pfb></usr/share/texlive/texmf-dist/fonts/type1/public/amsfonts/cm/cmr17.pf
b></usr/share/texlive/texmf-dist/fonts/type1/public/amsfonts/cm/cmr6.pfb></usr/
share/texlive/texmf-dist/fonts/type1/public/amsfonts/cm/cmr7.pfb></usr/share/te
xlive/texmf-dist/fonts/type1/public/amsfonts/cm/cmr8.pfb></usr/share/texlive/te
xmf-dist/fonts/type1/public/amsfonts/cm/cmr9.pfb></usr/share/texlive/texmf-dist
/fonts/type1/public/amsfonts/cm/cmsy10.pfb></usr/share/texlive/texmf-dist/fonts
/type1/public/amsfonts/cm/cmti10.pfb></usr/share/texlive/texmf-dist/fonts/type1
/public/amsfonts/cm/cmtt10.pfb></usr/share/texlive/texmf-dist/fonts/type1/publi
c/amsfonts/symbols/msam7.pfb>
Output written on "first experiments with gamma and tau parameters.pdf" (6 page
s, 1037208 bytes).
PDF statistics:
 273 PDF objects out of 1000 (max. 8388607)
 214 compressed objects within 3 object streams
 73 named destinations out of 1000 (max. 500000)
 216 words of extra memory for PDF output out of 10000 (max. 10000000)

