\BOOKMARK [0][-]{chapter.1}{Background}{}% 1
\BOOKMARK [1][-]{section.1.1}{Introduction}{chapter.1}% 2
\BOOKMARK [1][-]{section.1.2}{Robotics Foundamentals}{chapter.1}% 3
\BOOKMARK [1][-]{section.1.3}{The Izhikevich model}{chapter.1}% 4
\BOOKMARK [1][-]{section.1.4}{The FORCE method}{chapter.1}% 5
\BOOKMARK [1][-]{section.1.5}{Related Work}{chapter.1}% 6
\BOOKMARK [2][-]{subsection.1.5.1}{FORCE training to learn multiple signals}{section.1.5}% 7
\BOOKMARK [2][-]{subsection.1.5.2}{High-dimensional temporal signals improve FORCE learning}{section.1.5}% 8
\BOOKMARK [2][-]{subsection.1.5.3}{Robot control via artificial neural networks}{section.1.5}% 9
\BOOKMARK [0][-]{chapter.2}{Methods}{}% 10
\BOOKMARK [1][-]{section.2.1}{Datasets description}{chapter.2}% 11
\BOOKMARK [2][-]{subsection.2.1.1}{Synthetic datasets}{section.2.1}% 12
\BOOKMARK [2][-]{subsection.2.1.2}{Trajectories datasets}{section.2.1}% 13
\BOOKMARK [1][-]{section.2.2}{Settling the network in an oscillatory regime prior to training}{chapter.2}% 14
\BOOKMARK [2][-]{subsection.2.2.1}{Injection of an inhibitory current}{section.2.2}% 15
\BOOKMARK [2][-]{subsection.2.2.2}{External sinusoidal wave}{section.2.2}% 16
\BOOKMARK [2][-]{subsection.2.2.3}{Short-term depression}{section.2.2}% 17
\BOOKMARK [1][-]{section.2.3}{High-dimensional temporal signals}{chapter.2}% 18
\BOOKMARK [0][-]{chapter.3}{Results}{}% 19
\BOOKMARK [1][-]{section.3.1}{Pre-training}{chapter.3}% 20
\BOOKMARK [1][-]{section.3.2}{Training}{chapter.3}% 21
\BOOKMARK [2][-]{subsection.3.2.1}{Changing the phase sin of the teaching signal}{section.3.2}% 22
\BOOKMARK [2][-]{subsection.3.2.2}{"Computing derivatives"}{section.3.2}% 23
\BOOKMARK [2][-]{subsection.3.2.3}{Discretization of the target signal}{section.3.2}% 24
\BOOKMARK [1][-]{section.3.3}{Control the replay velocity changing the spike frequency adaption}{chapter.3}% 25
\BOOKMARK [1][-]{section.3.4}{Using high-dimensional temporal signals}{chapter.3}% 26
\BOOKMARK [2][-]{subsection.3.4.1}{HDTS speeds up the replay}{section.3.4}% 27
\BOOKMARK [2][-]{subsection.3.4.2}{Inverse replay}{section.3.4}% 28
\BOOKMARK [2][-]{subsection.3.4.3}{HDTS triggers the replay}{section.3.4}% 29
\BOOKMARK [2][-]{subsection.3.4.4}{Multiple HDTS to learn multiple signals}{section.3.4}% 30
\BOOKMARK [2][-]{subsection.3.4.5}{Signal interpolation and extrapolation}{section.3.4}% 31
\BOOKMARK [1][-]{section.3.5}{Learning joint trajectories}{chapter.3}% 32
\BOOKMARK [2][-]{subsection.3.5.1}{HDTS helps the training}{section.3.5}% 33
\BOOKMARK [2][-]{subsection.3.5.2}{HDTS accelerate and decelerate replay}{section.3.5}% 34
\BOOKMARK [2][-]{subsection.3.5.3}{HDTS triggers the replay}{section.3.5}% 35
\BOOKMARK [2][-]{subsection.3.5.4}{Learn four trajectories}{section.3.5}% 36
\BOOKMARK [2][-]{subsection.3.5.5}{Trajectory interpolation}{section.3.5}% 37
\BOOKMARK [1][-]{section.3.6}{Experimental procedures}{chapter.3}% 38
\BOOKMARK [2][-]{subsection.3.6.1}{HDTS with synthetic datasets}{section.3.6}% 39
\BOOKMARK [2][-]{subsection.3.6.2}{HDTS with trajectory datasets}{section.3.6}% 40
\BOOKMARK [0][-]{chapter.4}{Discussion}{}% 41
\BOOKMARK [0][-]{chapter.5}{Conclusions}{}% 42
