This is pdfTeX, Version 3.14159265-2.6-1.40.16 (TeX Live 2015/Debian) (preloaded format=pdflatex 2018.10.22)  20 OCT 2019 17:43
entering extended mode
 restricted \write18 enabled.
 %&-line parsing enabled.
**"Tesi Magistrale - Carlo Alessi.tex"
(./Tesi Magistrale - Carlo Alessi.tex
LaTeX2e <2016/02/01>
Babel <3.9q> and hyphenation patterns for 81 language(s) loaded.
(/usr/share/texlive/texmf-dist/tex/latex/base/report.cls
Document Class: report 2014/09/29 v1.4h Standard LaTeX document class
(/usr/share/texlive/texmf-dist/tex/latex/base/size10.clo
File: size10.clo 2014/09/29 v1.4h Standard LaTeX file (size option)
)
\c@part=\count79
\c@chapter=\count80
\c@section=\count81
\c@subsection=\count82
\c@subsubsection=\count83
\c@paragraph=\count84
\c@subparagraph=\count85
\c@figure=\count86
\c@table=\count87
\abovecaptionskip=\skip41
\belowcaptionskip=\skip42
\bibindent=\dimen102
)
(/usr/share/texlive/texmf-dist/tex/latex/base/inputenc.sty
Package: inputenc 2015/03/17 v1.2c Input encoding file
\inpenc@prehook=\toks14
\inpenc@posthook=\toks15

(/usr/share/texlive/texmf-dist/tex/latex/base/latin1.def
File: latin1.def 2015/03/17 v1.2c Input encoding file
))
(/usr/share/texlive/texmf-dist/tex/latex/geometry/geometry.sty
Package: geometry 2010/09/12 v5.6 Page Geometry

(/usr/share/texlive/texmf-dist/tex/latex/graphics/keyval.sty
Package: keyval 2014/10/28 v1.15 key=value parser (DPC)
\KV@toks@=\toks16
)
(/usr/share/texlive/texmf-dist/tex/generic/oberdiek/ifpdf.sty
Package: ifpdf 2011/01/30 v2.3 Provides the ifpdf switch (HO)
Package ifpdf Info: pdfTeX in PDF mode is detected.
)
(/usr/share/texlive/texmf-dist/tex/generic/oberdiek/ifvtex.sty
Package: ifvtex 2010/03/01 v1.5 Detect VTeX and its facilities (HO)
Package ifvtex Info: VTeX not detected.
)
(/usr/share/texlive/texmf-dist/tex/generic/ifxetex/ifxetex.sty
Package: ifxetex 2010/09/12 v0.6 Provides ifxetex conditional
)
\Gm@cnth=\count88
\Gm@cntv=\count89
\c@Gm@tempcnt=\count90
\Gm@bindingoffset=\dimen103
\Gm@wd@mp=\dimen104
\Gm@odd@mp=\dimen105
\Gm@even@mp=\dimen106
\Gm@layoutwidth=\dimen107
\Gm@layoutheight=\dimen108
\Gm@layouthoffset=\dimen109
\Gm@layoutvoffset=\dimen110
\Gm@dimlist=\toks17
)
(/usr/share/texlive/texmf-dist/tex/generic/babel/babel.sty
Package: babel 2016/02/24 3.9q The Babel package

(/usr/share/texlive/texmf-dist/tex/generic/babel-english/english.ldf
Language: english 2012/08/20 v3.3p English support from the babel system

(/usr/share/texlive/texmf-dist/tex/generic/babel/babel.def
File: babel.def 2016/02/24 3.9q Babel common definitions
\babel@savecnt=\count91
\U@D=\dimen111
)
\l@canadian = a dialect from \language\l@american 
\l@australian = a dialect from \language\l@british 
\l@newzealand = a dialect from \language\l@british 
))
(/usr/share/texlive/texmf-dist/tex/latex/amsmath/amsmath.sty
Package: amsmath 2016/03/03 v2.15a AMS math features
\@mathmargin=\skip43

For additional information on amsmath, use the `?' option.
(/usr/share/texlive/texmf-dist/tex/latex/amsmath/amstext.sty
Package: amstext 2000/06/29 v2.01 AMS text

(/usr/share/texlive/texmf-dist/tex/latex/amsmath/amsgen.sty
File: amsgen.sty 1999/11/30 v2.0 generic functions
\@emptytoks=\toks18
\ex@=\dimen112
))
(/usr/share/texlive/texmf-dist/tex/latex/amsmath/amsbsy.sty
Package: amsbsy 1999/11/29 v1.2d Bold Symbols
\pmbraise@=\dimen113
)
(/usr/share/texlive/texmf-dist/tex/latex/amsmath/amsopn.sty
Package: amsopn 1999/12/14 v2.01 operator names
)
\inf@bad=\count92
LaTeX Info: Redefining \frac on input line 199.
\uproot@=\count93
\leftroot@=\count94
LaTeX Info: Redefining \overline on input line 297.
\classnum@=\count95
\DOTSCASE@=\count96
LaTeX Info: Redefining \ldots on input line 394.
LaTeX Info: Redefining \dots on input line 397.
LaTeX Info: Redefining \cdots on input line 518.
\Mathstrutbox@=\box26
\strutbox@=\box27
\big@size=\dimen114
LaTeX Font Info:    Redeclaring font encoding OML on input line 630.
LaTeX Font Info:    Redeclaring font encoding OMS on input line 631.
\macc@depth=\count97
\c@MaxMatrixCols=\count98
\dotsspace@=\muskip10
\c@parentequation=\count99
\dspbrk@lvl=\count100
\tag@help=\toks19
\row@=\count101
\column@=\count102
\maxfields@=\count103
\andhelp@=\toks20
\eqnshift@=\dimen115
\alignsep@=\dimen116
\tagshift@=\dimen117
\tagwidth@=\dimen118
\totwidth@=\dimen119
\lineht@=\dimen120
\@envbody=\toks21
\multlinegap=\skip44
\multlinetaggap=\skip45
\mathdisplay@stack=\toks22
LaTeX Info: Redefining \[ on input line 2735.
LaTeX Info: Redefining \] on input line 2736.
)
(/usr/share/texlive/texmf-dist/tex/latex/amsfonts/amsfonts.sty
Package: amsfonts 2013/01/14 v3.01 Basic AMSFonts support
\symAMSa=\mathgroup4
\symAMSb=\mathgroup5
LaTeX Font Info:    Overwriting math alphabet `\mathfrak' in version `bold'
(Font)                  U/euf/m/n --> U/euf/b/n on input line 106.
)
(/usr/share/texlive/texmf-dist/tex/latex/amsfonts/amssymb.sty
Package: amssymb 2013/01/14 v3.01 AMS font symbols
)
(/usr/share/texlive/texmf-dist/tex/latex/graphics/graphicx.sty
Package: graphicx 2014/10/28 v1.0g Enhanced LaTeX Graphics (DPC,SPQR)

(/usr/share/texlive/texmf-dist/tex/latex/graphics/graphics.sty
Package: graphics 2016/01/03 v1.0q Standard LaTeX Graphics (DPC,SPQR)

(/usr/share/texlive/texmf-dist/tex/latex/graphics/trig.sty
Package: trig 2016/01/03 v1.10 sin cos tan (DPC)
)
(/usr/share/texlive/texmf-dist/tex/latex/latexconfig/graphics.cfg
File: graphics.cfg 2010/04/23 v1.9 graphics configuration of TeX Live
)
Package graphics Info: Driver file: pdftex.def on input line 95.

(/usr/share/texlive/texmf-dist/tex/latex/pdftex-def/pdftex.def
File: pdftex.def 2011/05/27 v0.06d Graphics/color for pdfTeX

(/usr/share/texlive/texmf-dist/tex/generic/oberdiek/infwarerr.sty
Package: infwarerr 2010/04/08 v1.3 Providing info/warning/error messages (HO)
)
(/usr/share/texlive/texmf-dist/tex/generic/oberdiek/ltxcmds.sty
Package: ltxcmds 2011/11/09 v1.22 LaTeX kernel commands for general use (HO)
)
\Gread@gobject=\count104
))
\Gin@req@height=\dimen121
\Gin@req@width=\dimen122
)
(/usr/share/texlive/texmf-dist/tex/latex/tools/verbatim.sty
Package: verbatim 2014/10/28 v1.5q LaTeX2e package for verbatim enhancements
\every@verbatim=\toks23
\verbatim@line=\toks24
\verbatim@in@stream=\read1
)
(/usr/share/texlive/texmf-dist/tex/latex/hyperref/hyperref.sty
Package: hyperref 2012/11/06 v6.83m Hypertext links for LaTeX

(/usr/share/texlive/texmf-dist/tex/generic/oberdiek/hobsub-hyperref.sty
Package: hobsub-hyperref 2012/05/28 v1.13 Bundle oberdiek, subset hyperref (HO)


(/usr/share/texlive/texmf-dist/tex/generic/oberdiek/hobsub-generic.sty
Package: hobsub-generic 2012/05/28 v1.13 Bundle oberdiek, subset generic (HO)
Package: hobsub 2012/05/28 v1.13 Construct package bundles (HO)
Package hobsub Info: Skipping package `infwarerr' (already loaded).
Package hobsub Info: Skipping package `ltxcmds' (already loaded).
Package: ifluatex 2010/03/01 v1.3 Provides the ifluatex switch (HO)
Package ifluatex Info: LuaTeX not detected.
Package hobsub Info: Skipping package `ifvtex' (already loaded).
Package: intcalc 2007/09/27 v1.1 Expandable calculations with integers (HO)
Package hobsub Info: Skipping package `ifpdf' (already loaded).
Package: etexcmds 2011/02/16 v1.5 Avoid name clashes with e-TeX commands (HO)
Package etexcmds Info: Could not find \expanded.
(etexcmds)             That can mean that you are not using pdfTeX 1.50 or
(etexcmds)             that some package has redefined \expanded.
(etexcmds)             In the latter case, load this package earlier.
Package: kvsetkeys 2012/04/25 v1.16 Key value parser (HO)
Package: kvdefinekeys 2011/04/07 v1.3 Define keys (HO)
Package: pdftexcmds 2011/11/29 v0.20 Utility functions of pdfTeX for LuaTeX (HO
)
Package pdftexcmds Info: LuaTeX not detected.
Package pdftexcmds Info: \pdf@primitive is available.
Package pdftexcmds Info: \pdf@ifprimitive is available.
Package pdftexcmds Info: \pdfdraftmode found.
Package: pdfescape 2011/11/25 v1.13 Implements pdfTeX's escape features (HO)
Package: bigintcalc 2012/04/08 v1.3 Expandable calculations on big integers (HO
)
Package: bitset 2011/01/30 v1.1 Handle bit-vector datatype (HO)
Package: uniquecounter 2011/01/30 v1.2 Provide unlimited unique counter (HO)
)
Package hobsub Info: Skipping package `hobsub' (already loaded).
Package: letltxmacro 2010/09/02 v1.4 Let assignment for LaTeX macros (HO)
Package: hopatch 2012/05/28 v1.2 Wrapper for package hooks (HO)
Package: xcolor-patch 2011/01/30 xcolor patch
Package: atveryend 2011/06/30 v1.8 Hooks at the very end of document (HO)
Package atveryend Info: \enddocument detected (standard20110627).
Package: atbegshi 2011/10/05 v1.16 At begin shipout hook (HO)
Package: refcount 2011/10/16 v3.4 Data extraction from label references (HO)
Package: hycolor 2011/01/30 v1.7 Color options for hyperref/bookmark (HO)
)
(/usr/share/texlive/texmf-dist/tex/latex/oberdiek/auxhook.sty
Package: auxhook 2011/03/04 v1.3 Hooks for auxiliary files (HO)
)
(/usr/share/texlive/texmf-dist/tex/latex/oberdiek/kvoptions.sty
Package: kvoptions 2011/06/30 v3.11 Key value format for package options (HO)
)
\@linkdim=\dimen123
\Hy@linkcounter=\count105
\Hy@pagecounter=\count106

(/usr/share/texlive/texmf-dist/tex/latex/hyperref/pd1enc.def
File: pd1enc.def 2012/11/06 v6.83m Hyperref: PDFDocEncoding definition (HO)
)
\Hy@SavedSpaceFactor=\count107

(/usr/share/texlive/texmf-dist/tex/latex/latexconfig/hyperref.cfg
File: hyperref.cfg 2002/06/06 v1.2 hyperref configuration of TeXLive
)
Package hyperref Info: Option `final' set `true' on input line 4319.
Package hyperref Info: Hyper figures OFF on input line 4443.
Package hyperref Info: Link nesting OFF on input line 4448.
Package hyperref Info: Hyper index ON on input line 4451.
Package hyperref Info: Plain pages OFF on input line 4458.
Package hyperref Info: Backreferencing OFF on input line 4463.
Package hyperref Info: Implicit mode ON; LaTeX internals redefined.
Package hyperref Info: Bookmarks ON on input line 4688.
\c@Hy@tempcnt=\count108

(/usr/share/texlive/texmf-dist/tex/latex/url/url.sty
\Urlmuskip=\muskip11
Package: url 2013/09/16  ver 3.4  Verb mode for urls, etc.
)
LaTeX Info: Redefining \url on input line 5041.
\XeTeXLinkMargin=\dimen124
\Fld@menulength=\count109
\Field@Width=\dimen125
\Fld@charsize=\dimen126
Package hyperref Info: Hyper figures OFF on input line 6295.
Package hyperref Info: Link nesting OFF on input line 6300.
Package hyperref Info: Hyper index ON on input line 6303.
Package hyperref Info: backreferencing OFF on input line 6310.
Package hyperref Info: Link coloring OFF on input line 6315.
Package hyperref Info: Link coloring with OCG OFF on input line 6320.
Package hyperref Info: PDF/A mode OFF on input line 6325.
LaTeX Info: Redefining \ref on input line 6365.
LaTeX Info: Redefining \pageref on input line 6369.
\Hy@abspage=\count110
\c@Item=\count111
\c@Hfootnote=\count112
)

Package hyperref Message: Driver (autodetected): hpdftex.

(/usr/share/texlive/texmf-dist/tex/latex/hyperref/hpdftex.def
File: hpdftex.def 2012/11/06 v6.83m Hyperref driver for pdfTeX
\Fld@listcount=\count113
\c@bookmark@seq@number=\count114

(/usr/share/texlive/texmf-dist/tex/latex/oberdiek/rerunfilecheck.sty
Package: rerunfilecheck 2011/04/15 v1.7 Rerun checks for auxiliary files (HO)
Package uniquecounter Info: New unique counter `rerunfilecheck' on input line 2
82.
)
\Hy@SectionHShift=\skip46
)
(/usr/share/texlive/texmf-dist/tex/latex/booktabs/booktabs.sty
Package: booktabs 2005/04/14 v1.61803 publication quality tables
\heavyrulewidth=\dimen127
\lightrulewidth=\dimen128
\cmidrulewidth=\dimen129
\belowrulesep=\dimen130
\belowbottomsep=\dimen131
\aboverulesep=\dimen132
\abovetopsep=\dimen133
\cmidrulesep=\dimen134
\cmidrulekern=\dimen135
\defaultaddspace=\dimen136
\@cmidla=\count115
\@cmidlb=\count116
\@aboverulesep=\dimen137
\@belowrulesep=\dimen138
\@thisruleclass=\count117
\@lastruleclass=\count118
\@thisrulewidth=\dimen139
)
(/usr/share/texlive/texmf-dist/tex/latex/todonotes/todonotes.sty
Package: todonotes 2015/07/09 .dtx Todonotes source and documentation.
Package: todonotes 2012/07/25

(/usr/share/texlive/texmf-dist/tex/latex/base/ifthen.sty
Package: ifthen 2014/09/29 v1.1c Standard LaTeX ifthen package (DPC)
)
(/usr/share/texlive/texmf-dist/tex/latex/xkeyval/xkeyval.sty
Package: xkeyval 2014/12/03 v2.7a package option processing (HA)

(/usr/share/texlive/texmf-dist/tex/generic/xkeyval/xkeyval.tex
(/usr/share/texlive/texmf-dist/tex/generic/xkeyval/xkvutils.tex
\XKV@toks=\toks25
\XKV@tempa@toks=\toks26
)
\XKV@depth=\count119
File: xkeyval.tex 2014/12/03 v2.7a key=value parser (HA)
))
(/usr/share/texlive/texmf-dist/tex/latex/xcolor/xcolor.sty
Package: xcolor 2007/01/21 v2.11 LaTeX color extensions (UK)

(/usr/share/texlive/texmf-dist/tex/latex/latexconfig/color.cfg
File: color.cfg 2007/01/18 v1.5 color configuration of teTeX/TeXLive
)
Package xcolor Info: Driver file: pdftex.def on input line 225.
Package xcolor Info: Model `cmy' substituted by `cmy0' on input line 1337.
Package xcolor Info: Model `hsb' substituted by `rgb' on input line 1341.
Package xcolor Info: Model `RGB' extended on input line 1353.
Package xcolor Info: Model `HTML' substituted by `rgb' on input line 1355.
Package xcolor Info: Model `Hsb' substituted by `hsb' on input line 1356.
Package xcolor Info: Model `tHsb' substituted by `hsb' on input line 1357.
Package xcolor Info: Model `HSB' substituted by `hsb' on input line 1358.
Package xcolor Info: Model `Gray' substituted by `gray' on input line 1359.
Package xcolor Info: Model `wave' substituted by `hsb' on input line 1360.
)
(/usr/share/texlive/texmf-dist/tex/latex/pgf/frontendlayer/tikz.sty
(/usr/share/texlive/texmf-dist/tex/latex/pgf/basiclayer/pgf.sty
(/usr/share/texlive/texmf-dist/tex/latex/pgf/utilities/pgfrcs.sty
(/usr/share/texlive/texmf-dist/tex/generic/pgf/utilities/pgfutil-common.tex
\pgfutil@everybye=\toks27
\pgfutil@tempdima=\dimen140
\pgfutil@tempdimb=\dimen141

(/usr/share/texlive/texmf-dist/tex/generic/pgf/utilities/pgfutil-common-lists.t
ex)) (/usr/share/texlive/texmf-dist/tex/generic/pgf/utilities/pgfutil-latex.def
\pgfutil@abb=\box28
(/usr/share/texlive/texmf-dist/tex/latex/ms/everyshi.sty
Package: everyshi 2001/05/15 v3.00 EveryShipout Package (MS)
))
(/usr/share/texlive/texmf-dist/tex/generic/pgf/utilities/pgfrcs.code.tex
Package: pgfrcs 2015/08/07 v3.0.1a (rcs-revision 1.31)
))
Package: pgf 2015/08/07 v3.0.1a (rcs-revision 1.15)

(/usr/share/texlive/texmf-dist/tex/latex/pgf/basiclayer/pgfcore.sty
(/usr/share/texlive/texmf-dist/tex/latex/pgf/systemlayer/pgfsys.sty
(/usr/share/texlive/texmf-dist/tex/generic/pgf/systemlayer/pgfsys.code.tex
Package: pgfsys 2014/07/09 v3.0.1a (rcs-revision 1.48)

(/usr/share/texlive/texmf-dist/tex/generic/pgf/utilities/pgfkeys.code.tex
\pgfkeys@pathtoks=\toks28
\pgfkeys@temptoks=\toks29

(/usr/share/texlive/texmf-dist/tex/generic/pgf/utilities/pgfkeysfiltered.code.t
ex
\pgfkeys@tmptoks=\toks30
))
\pgf@x=\dimen142
\pgf@y=\dimen143
\pgf@xa=\dimen144
\pgf@ya=\dimen145
\pgf@xb=\dimen146
\pgf@yb=\dimen147
\pgf@xc=\dimen148
\pgf@yc=\dimen149
\w@pgf@writea=\write3
\r@pgf@reada=\read2
\c@pgf@counta=\count120
\c@pgf@countb=\count121
\c@pgf@countc=\count122
\c@pgf@countd=\count123
\t@pgf@toka=\toks31
\t@pgf@tokb=\toks32
\t@pgf@tokc=\toks33
 (/usr/share/texlive/texmf-dist/tex/generic/pgf/systemlayer/pgf.cfg
File: pgf.cfg 2008/05/14  (rcs-revision 1.7)
)
Driver file for pgf: pgfsys-pdftex.def

(/usr/share/texlive/texmf-dist/tex/generic/pgf/systemlayer/pgfsys-pdftex.def
File: pgfsys-pdftex.def 2014/10/11  (rcs-revision 1.35)

(/usr/share/texlive/texmf-dist/tex/generic/pgf/systemlayer/pgfsys-common-pdf.de
f
File: pgfsys-common-pdf.def 2013/10/10  (rcs-revision 1.13)
)))
(/usr/share/texlive/texmf-dist/tex/generic/pgf/systemlayer/pgfsyssoftpath.code.
tex
File: pgfsyssoftpath.code.tex 2013/09/09  (rcs-revision 1.9)
\pgfsyssoftpath@smallbuffer@items=\count124
\pgfsyssoftpath@bigbuffer@items=\count125
)
(/usr/share/texlive/texmf-dist/tex/generic/pgf/systemlayer/pgfsysprotocol.code.
tex
File: pgfsysprotocol.code.tex 2006/10/16  (rcs-revision 1.4)
))
(/usr/share/texlive/texmf-dist/tex/generic/pgf/basiclayer/pgfcore.code.tex
Package: pgfcore 2010/04/11 v3.0.1a (rcs-revision 1.7)

(/usr/share/texlive/texmf-dist/tex/generic/pgf/math/pgfmath.code.tex
(/usr/share/texlive/texmf-dist/tex/generic/pgf/math/pgfmathcalc.code.tex
(/usr/share/texlive/texmf-dist/tex/generic/pgf/math/pgfmathutil.code.tex)
(/usr/share/texlive/texmf-dist/tex/generic/pgf/math/pgfmathparser.code.tex
\pgfmath@dimen=\dimen150
\pgfmath@count=\count126
\pgfmath@box=\box29
\pgfmath@toks=\toks34
\pgfmath@stack@operand=\toks35
\pgfmath@stack@operation=\toks36
)
(/usr/share/texlive/texmf-dist/tex/generic/pgf/math/pgfmathfunctions.code.tex
(/usr/share/texlive/texmf-dist/tex/generic/pgf/math/pgfmathfunctions.basic.code
.tex)
(/usr/share/texlive/texmf-dist/tex/generic/pgf/math/pgfmathfunctions.trigonomet
ric.code.tex)
(/usr/share/texlive/texmf-dist/tex/generic/pgf/math/pgfmathfunctions.random.cod
e.tex)
(/usr/share/texlive/texmf-dist/tex/generic/pgf/math/pgfmathfunctions.comparison
.code.tex)
(/usr/share/texlive/texmf-dist/tex/generic/pgf/math/pgfmathfunctions.base.code.
tex)
(/usr/share/texlive/texmf-dist/tex/generic/pgf/math/pgfmathfunctions.round.code
.tex)
(/usr/share/texlive/texmf-dist/tex/generic/pgf/math/pgfmathfunctions.misc.code.
tex)
(/usr/share/texlive/texmf-dist/tex/generic/pgf/math/pgfmathfunctions.integerari
thmetics.code.tex)))
(/usr/share/texlive/texmf-dist/tex/generic/pgf/math/pgfmathfloat.code.tex
\c@pgfmathroundto@lastzeros=\count127
))
(/usr/share/texlive/texmf-dist/tex/generic/pgf/basiclayer/pgfcorepoints.code.te
x
File: pgfcorepoints.code.tex 2013/10/07  (rcs-revision 1.27)
\pgf@picminx=\dimen151
\pgf@picmaxx=\dimen152
\pgf@picminy=\dimen153
\pgf@picmaxy=\dimen154
\pgf@pathminx=\dimen155
\pgf@pathmaxx=\dimen156
\pgf@pathminy=\dimen157
\pgf@pathmaxy=\dimen158
\pgf@xx=\dimen159
\pgf@xy=\dimen160
\pgf@yx=\dimen161
\pgf@yy=\dimen162
\pgf@zx=\dimen163
\pgf@zy=\dimen164
)
(/usr/share/texlive/texmf-dist/tex/generic/pgf/basiclayer/pgfcorepathconstruct.
code.tex
File: pgfcorepathconstruct.code.tex 2013/10/07  (rcs-revision 1.29)
\pgf@path@lastx=\dimen165
\pgf@path@lasty=\dimen166
)
(/usr/share/texlive/texmf-dist/tex/generic/pgf/basiclayer/pgfcorepathusage.code
.tex
File: pgfcorepathusage.code.tex 2014/11/02  (rcs-revision 1.24)
\pgf@shorten@end@additional=\dimen167
\pgf@shorten@start@additional=\dimen168
)
(/usr/share/texlive/texmf-dist/tex/generic/pgf/basiclayer/pgfcorescopes.code.te
x
File: pgfcorescopes.code.tex 2015/05/08  (rcs-revision 1.46)
\pgfpic=\box30
\pgf@hbox=\box31
\pgf@layerbox@main=\box32
\pgf@picture@serial@count=\count128
)
(/usr/share/texlive/texmf-dist/tex/generic/pgf/basiclayer/pgfcoregraphicstate.c
ode.tex
File: pgfcoregraphicstate.code.tex 2014/11/02  (rcs-revision 1.12)
\pgflinewidth=\dimen169
)
(/usr/share/texlive/texmf-dist/tex/generic/pgf/basiclayer/pgfcoretransformation
s.code.tex
File: pgfcoretransformations.code.tex 2015/08/07  (rcs-revision 1.20)
\pgf@pt@x=\dimen170
\pgf@pt@y=\dimen171
\pgf@pt@temp=\dimen172
)
(/usr/share/texlive/texmf-dist/tex/generic/pgf/basiclayer/pgfcorequick.code.tex
File: pgfcorequick.code.tex 2008/10/09  (rcs-revision 1.3)
)
(/usr/share/texlive/texmf-dist/tex/generic/pgf/basiclayer/pgfcoreobjects.code.t
ex
File: pgfcoreobjects.code.tex 2006/10/11  (rcs-revision 1.2)
)
(/usr/share/texlive/texmf-dist/tex/generic/pgf/basiclayer/pgfcorepathprocessing
.code.tex
File: pgfcorepathprocessing.code.tex 2013/09/09  (rcs-revision 1.9)
)
(/usr/share/texlive/texmf-dist/tex/generic/pgf/basiclayer/pgfcorearrows.code.te
x
File: pgfcorearrows.code.tex 2015/05/14  (rcs-revision 1.43)
\pgfarrowsep=\dimen173
)
(/usr/share/texlive/texmf-dist/tex/generic/pgf/basiclayer/pgfcoreshade.code.tex
File: pgfcoreshade.code.tex 2013/07/15  (rcs-revision 1.15)
\pgf@max=\dimen174
\pgf@sys@shading@range@num=\count129
)
(/usr/share/texlive/texmf-dist/tex/generic/pgf/basiclayer/pgfcoreimage.code.tex
File: pgfcoreimage.code.tex 2013/07/15  (rcs-revision 1.18)

(/usr/share/texlive/texmf-dist/tex/generic/pgf/basiclayer/pgfcoreexternal.code.
tex
File: pgfcoreexternal.code.tex 2014/07/09  (rcs-revision 1.21)
\pgfexternal@startupbox=\box33
))
(/usr/share/texlive/texmf-dist/tex/generic/pgf/basiclayer/pgfcorelayers.code.te
x
File: pgfcorelayers.code.tex 2013/07/18  (rcs-revision 1.7)
)
(/usr/share/texlive/texmf-dist/tex/generic/pgf/basiclayer/pgfcoretransparency.c
ode.tex
File: pgfcoretransparency.code.tex 2013/09/30  (rcs-revision 1.5)
)
(/usr/share/texlive/texmf-dist/tex/generic/pgf/basiclayer/pgfcorepatterns.code.
tex
File: pgfcorepatterns.code.tex 2013/11/07  (rcs-revision 1.5)
)))
(/usr/share/texlive/texmf-dist/tex/generic/pgf/modules/pgfmoduleshapes.code.tex
File: pgfmoduleshapes.code.tex 2014/03/21  (rcs-revision 1.35)
\pgfnodeparttextbox=\box34
) (/usr/share/texlive/texmf-dist/tex/generic/pgf/modules/pgfmoduleplot.code.tex
File: pgfmoduleplot.code.tex 2015/08/03  (rcs-revision 1.13)
)
(/usr/share/texlive/texmf-dist/tex/latex/pgf/compatibility/pgfcomp-version-0-65
.sty
Package: pgfcomp-version-0-65 2007/07/03 v3.0.1a (rcs-revision 1.7)
\pgf@nodesepstart=\dimen175
\pgf@nodesepend=\dimen176
)
(/usr/share/texlive/texmf-dist/tex/latex/pgf/compatibility/pgfcomp-version-1-18
.sty
Package: pgfcomp-version-1-18 2007/07/23 v3.0.1a (rcs-revision 1.1)
)) (/usr/share/texlive/texmf-dist/tex/latex/pgf/utilities/pgffor.sty
(/usr/share/texlive/texmf-dist/tex/latex/pgf/utilities/pgfkeys.sty
(/usr/share/texlive/texmf-dist/tex/generic/pgf/utilities/pgfkeys.code.tex))
(/usr/share/texlive/texmf-dist/tex/latex/pgf/math/pgfmath.sty
(/usr/share/texlive/texmf-dist/tex/generic/pgf/math/pgfmath.code.tex))
(/usr/share/texlive/texmf-dist/tex/generic/pgf/utilities/pgffor.code.tex
Package: pgffor 2013/12/13 v3.0.1a (rcs-revision 1.25)

(/usr/share/texlive/texmf-dist/tex/generic/pgf/math/pgfmath.code.tex)
\pgffor@iter=\dimen177
\pgffor@skip=\dimen178
\pgffor@stack=\toks37
\pgffor@toks=\toks38
))
(/usr/share/texlive/texmf-dist/tex/generic/pgf/frontendlayer/tikz/tikz.code.tex
Package: tikz 2015/08/07 v3.0.1a (rcs-revision 1.151)

(/usr/share/texlive/texmf-dist/tex/generic/pgf/libraries/pgflibraryplothandlers
.code.tex
File: pgflibraryplothandlers.code.tex 2013/08/31 v3.0.1a (rcs-revision 1.20)
\pgf@plot@mark@count=\count130
\pgfplotmarksize=\dimen179
)
\tikz@lastx=\dimen180
\tikz@lasty=\dimen181
\tikz@lastxsaved=\dimen182
\tikz@lastysaved=\dimen183
\tikzleveldistance=\dimen184
\tikzsiblingdistance=\dimen185
\tikz@figbox=\box35
\tikz@figbox@bg=\box36
\tikz@tempbox=\box37
\tikz@tempbox@bg=\box38
\tikztreelevel=\count131
\tikznumberofchildren=\count132
\tikznumberofcurrentchild=\count133
\tikz@fig@count=\count134

(/usr/share/texlive/texmf-dist/tex/generic/pgf/modules/pgfmodulematrix.code.tex
File: pgfmodulematrix.code.tex 2013/09/17  (rcs-revision 1.8)
\pgfmatrixcurrentrow=\count135
\pgfmatrixcurrentcolumn=\count136
\pgf@matrix@numberofcolumns=\count137
)
\tikz@expandcount=\count138

(/usr/share/texlive/texmf-dist/tex/generic/pgf/frontendlayer/tikz/libraries/tik
zlibrarytopaths.code.tex
File: tikzlibrarytopaths.code.tex 2008/06/17 v3.0.1a (rcs-revision 1.2)
)))
(/usr/share/texlive/texmf-dist/tex/generic/pgf/frontendlayer/tikz/libraries/tik
zlibrarypositioning.code.tex
File: tikzlibrarypositioning.code.tex 2008/10/06 v3.0.1a (rcs-revision 1.7)
)
(/usr/share/texlive/texmf-dist/tex/latex/tools/calc.sty
Package: calc 2014/10/28 v4.3 Infix arithmetic (KKT,FJ)
\calc@Acount=\count139
\calc@Bcount=\count140
\calc@Adimen=\dimen186
\calc@Bdimen=\dimen187
\calc@Askip=\skip47
\calc@Bskip=\skip48
LaTeX Info: Redefining \setlength on input line 80.
LaTeX Info: Redefining \addtolength on input line 81.
\calc@Ccount=\count141
\calc@Cskip=\skip49
)
\c@@todonotes@numberoftodonotes=\count142
)
(/usr/share/texlive/texmf-dist/tex/latex/float/float.sty
Package: float 2001/11/08 v1.3d Float enhancements (AL)
\c@float@type=\count143
\float@exts=\toks39
\float@box=\box39
\@float@everytoks=\toks40
\@floatcapt=\box40
)
(/usr/share/texlive/texmf-dist/tex/latex/subfig/subfig.sty
Package: subfig 2005/06/28 ver: 1.3 subfig package

(/usr/share/texlive/texmf-dist/tex/latex/caption/caption.sty
Package: caption 2016/02/21 v3.3-144 Customizing captions (AR)

(/usr/share/texlive/texmf-dist/tex/latex/caption/caption3.sty
Package: caption3 2016/02/04 v1.7-139 caption3 kernel (AR)
Package caption3 Info: TeX engine: e-TeX on input line 67.
\captionmargin=\dimen188
\captionmargin@=\dimen189
\captionwidth=\dimen190
\caption@tempdima=\dimen191
\caption@indent=\dimen192
\caption@parindent=\dimen193
\caption@hangindent=\dimen194
)
\c@ContinuedFloat=\count144
Package caption Info: float package is loaded.
Package caption Info: hyperref package is loaded.
)
\c@KVtest=\count145
\sf@farskip=\skip50
\sf@captopadj=\dimen195
\sf@capskip=\skip51
\sf@nearskip=\skip52
\c@subfigure=\count146
\c@subfigure@save=\count147
\c@lofdepth=\count148
\c@subtable=\count149
\c@subtable@save=\count150
\c@lotdepth=\count151
\sf@top=\skip53
\sf@bottom=\skip54
)
(/usr/share/texlive/texmf-dist/tex/latex/amscls/amsthm.sty
Package: amsthm 2015/03/04 v2.20.2
\thm@style=\toks41
\thm@bodyfont=\toks42
\thm@headfont=\toks43
\thm@notefont=\toks44
\thm@headpunct=\toks45
\thm@preskip=\skip55
\thm@postskip=\skip56
\thm@headsep=\skip57
\dth@everypar=\toks46
)
(/usr/share/texlive/texmf-dist/tex/latex/tools/bm.sty
Package: bm 2014/10/28 v1.1c Bold Symbol Support (DPC/FMi)
\symboldoperators=\mathgroup6
\symboldletters=\mathgroup7
\symboldsymbols=\mathgroup8
LaTeX Font Info:    Redeclaring math alphabet \mathbf on input line 141.
LaTeX Info: Redefining \bm on input line 207.
)
(./Tesi Magistrale - Carlo Alessi.aux)
\openout1 = `"Tesi Magistrale - Carlo Alessi.aux"'.

LaTeX Font Info:    Checking defaults for OML/cmm/m/it on input line 30.
LaTeX Font Info:    ... okay on input line 30.
LaTeX Font Info:    Checking defaults for T1/cmr/m/n on input line 30.
LaTeX Font Info:    ... okay on input line 30.
LaTeX Font Info:    Checking defaults for OT1/cmr/m/n on input line 30.
LaTeX Font Info:    ... okay on input line 30.
LaTeX Font Info:    Checking defaults for OMS/cmsy/m/n on input line 30.
LaTeX Font Info:    ... okay on input line 30.
LaTeX Font Info:    Checking defaults for OMX/cmex/m/n on input line 30.
LaTeX Font Info:    ... okay on input line 30.
LaTeX Font Info:    Checking defaults for U/cmr/m/n on input line 30.
LaTeX Font Info:    ... okay on input line 30.
LaTeX Font Info:    Checking defaults for PD1/pdf/m/n on input line 30.
LaTeX Font Info:    ... okay on input line 30.

*geometry* driver: auto-detecting
*geometry* detected driver: pdftex
*geometry* verbose mode - [ preamble ] result:
* driver: pdftex
* paper: a4paper
* layout: <same size as paper>
* layoutoffset:(h,v)=(0.0pt,0.0pt)
* modes: 
* h-part:(L,W,R)=(85.35826pt, 441.01773pt, 71.13188pt)
* v-part:(T,H,B)=(71.13188pt, 702.78308pt, 71.13188pt)
* \paperwidth=597.50787pt
* \paperheight=845.04684pt
* \textwidth=441.01773pt
* \textheight=702.78308pt
* \oddsidemargin=13.08827pt
* \evensidemargin=13.08827pt
* \topmargin=-38.1381pt
* \headheight=12.0pt
* \headsep=25.0pt
* \topskip=10.0pt
* \footskip=30.0pt
* \marginparwidth=57.0pt
* \marginparsep=11.0pt
* \columnsep=10.0pt
* \skip\footins=9.0pt plus 4.0pt minus 2.0pt
* \hoffset=0.0pt
* \voffset=0.0pt
* \mag=1000
* \@twocolumnfalse
* \@twosidefalse
* \@mparswitchfalse
* \@reversemarginfalse
* (1in=72.27pt=25.4mm, 1cm=28.453pt)

(/usr/share/texlive/texmf-dist/tex/context/base/supp-pdf.mkii
[Loading MPS to PDF converter (version 2006.09.02).]
\scratchcounter=\count152
\scratchdimen=\dimen196
\scratchbox=\box41
\nofMPsegments=\count153
\nofMParguments=\count154
\everyMPshowfont=\toks47
\MPscratchCnt=\count155
\MPscratchDim=\dimen197
\MPnumerator=\count156
\makeMPintoPDFobject=\count157
\everyMPtoPDFconversion=\toks48
) (/usr/share/texlive/texmf-dist/tex/latex/oberdiek/epstopdf-base.sty
Package: epstopdf-base 2010/02/09 v2.5 Base part for package epstopdf

(/usr/share/texlive/texmf-dist/tex/latex/oberdiek/grfext.sty
Package: grfext 2010/08/19 v1.1 Manage graphics extensions (HO)
)
Package grfext Info: Graphics extension search list:
(grfext)             [.png,.pdf,.jpg,.mps,.jpeg,.jbig2,.jb2,.PNG,.PDF,.JPG,.JPE
G,.JBIG2,.JB2,.eps]
(grfext)             \AppendGraphicsExtensions on input line 452.

(/usr/share/texlive/texmf-dist/tex/latex/latexconfig/epstopdf-sys.cfg
File: epstopdf-sys.cfg 2010/07/13 v1.3 Configuration of (r)epstopdf for TeX Liv
e
))
\AtBeginShipoutBox=\box42
Package hyperref Info: Link coloring OFF on input line 30.

(/usr/share/texlive/texmf-dist/tex/latex/hyperref/nameref.sty
Package: nameref 2012/10/27 v2.43 Cross-referencing by name of section

(/usr/share/texlive/texmf-dist/tex/generic/oberdiek/gettitlestring.sty
Package: gettitlestring 2010/12/03 v1.4 Cleanup title references (HO)
)
\c@section@level=\count158
)
LaTeX Info: Redefining \ref on input line 30.
LaTeX Info: Redefining \pageref on input line 30.
LaTeX Info: Redefining \nameref on input line 30.

(./Tesi Magistrale - Carlo Alessi.out) (./Tesi Magistrale - Carlo Alessi.out)
\@outlinefile=\write4
\openout4 = `"Tesi Magistrale - Carlo Alessi.out"'.


ABD: EveryShipout initializing macros
Package caption Info: Begin \AtBeginDocument code.
Package caption Info: subfig package v1.3 is loaded.
Package caption Info: End \AtBeginDocument code.
LaTeX Font Info:    Try loading font information for U+msa on input line 33.

(/usr/share/texlive/texmf-dist/tex/latex/amsfonts/umsa.fd
File: umsa.fd 2013/01/14 v3.01 AMS symbols A
)
LaTeX Font Info:    Try loading font information for U+msb on input line 33.

(/usr/share/texlive/texmf-dist/tex/latex/amsfonts/umsb.fd
File: umsb.fd 2013/01/14 v3.01 AMS symbols B
) [1

{/var/lib/texmf/fonts/map/pdftex/updmap/pdftex.map}]pdfTeX warning (ext4): dest
ination with the same identifier (name{page.1}) has been already used, duplicat
e ignored
<to be read again> 
                   \relax 
l.41 \end{abstract}
                    [1] (./Tesi Magistrale - Carlo Alessi.tocpdfTeX warning (ex
t4): destination with the same identifier (name{page.1}) has been already used,
 duplicate ignored
<to be read again> 
                   \relax 
l.70 ...n and extrapolation}{41}{subsection.3.4.5}
                                                   [1

])
\tf@toc=\write5
\openout5 = `"Tesi Magistrale - Carlo Alessi.toc"'.

 [2]
Chapter 1.
Package hyperref Info: bookmark level for unknown todo defaults to 0 on input l
ine 49.
[3

]

LaTeX Warning: Marginpar on page 4 moved.


LaTeX Warning: Marginpar on page 4 moved.

[4]
LaTeX Font Info:    Try loading font information for OMS+cmr on input line 123.

 (/usr/share/texlive/texmf-dist/tex/latex/base/omscmr.fd
File: omscmr.fd 2014/09/29 v2.5h Standard LaTeX font definitions
)
LaTeX Font Info:    Font shape `OMS/cmr/m/n' in size <10> not available
(Font)              Font shape `OMS/cmsy/m/n' tried instead on input line 123.


LaTeX Warning: Marginpar on page 5 moved.


LaTeX Warning: Marginpar on page 5 moved.

[5] <images/FORCE_rete.png, id=305, 639.38875pt x 364.36125pt>
File: images/FORCE_rete.png Graphic file (type png)

<use images/FORCE_rete.png>
Package pdftex.def Info: images/FORCE_rete.png used on input line 173.
(pdftex.def)             Requested size: 441.01773pt x 251.32057pt.
 [6] [7 <./images/FORCE_rete.png>] [8]

LaTeX Warning: Marginpar on page 9 moved.

[9] <images/HDTS.png, id=369, 702.625pt x 240.9pt>
File: images/HDTS.png Graphic file (type png)
 <use images/HDTS.png>
Package pdftex.def Info: images/HDTS.png used on input line 286.
(pdftex.def)             Requested size: 441.01773pt x 151.20906pt.

[10 <./images/HDTS.png (PNG copy)>] [11] [12]
Overfull \hbox (7.88495pt too wide) in paragraph at lines 360--362
[]\OT1/cmr/m/n/10 The neu-ral net-work was trained to map $(\OML/cmm/m/it/10 X[
]; Y[]; \OT1/cmr/m/n/10 ^^B[])[]$ to $(\OML/cmm/m/it/10 q[]; q[]; q[]\OT1/cmr/m
/n/10 )[]$ us-ing the Levenberg-Marquardt
 []

[13] [14] [15]
Chapter 2.
<../Data/syntheticData/zx1.png, id=439, 421.575pt x 316.18124pt>
File: ../Data/syntheticData/zx1.png Graphic file (type png)

<use ../Data/syntheticData/zx1.png>
Package pdftex.def Info: ../Data/syntheticData/zx1.png used on input line 433.
(pdftex.def)             Requested size: 145.53665pt x 109.15501pt.

<../Data/syntheticData/zx2.png, id=440, 421.575pt x 316.18124pt>
File: ../Data/syntheticData/zx2.png Graphic file (type png)

<use ../Data/syntheticData/zx2.png>
Package pdftex.def Info: ../Data/syntheticData/zx2.png used on input line 434.
(pdftex.def)             Requested size: 145.53665pt x 109.15501pt.

<../Data/syntheticData/zx3.png, id=441, 421.575pt x 316.18124pt>
File: ../Data/syntheticData/zx3.png Graphic file (type png)

<use ../Data/syntheticData/zx3.png>
Package pdftex.def Info: ../Data/syntheticData/zx3.png used on input line 435.
(pdftex.def)             Requested size: 145.53665pt x 109.15501pt.

Overfull \hbox (5.59221pt too wide) in paragraph at lines 433--436
[][][][][][] 
 []

[16

 <../Data/syntheticData/zx1.png (PNG copy)> <../Data/syntheticData/zx2.png (PNG
 copy)> <../Data/syntheticData/zx3.png (PNG copy)>]
<../Images/data_trajectories/end_effector_points.png, id=458, 429.10312pt x 338
.76563pt>
File: ../Images/data_trajectories/end_effector_points.png Graphic file (type pn
g)
 <use ../Images/data_trajectories/end_effector_points.png>
Package pdftex.def Info: ../Images/data_trajectories/end_effector_points.png us
ed on input line 465.
(pdftex.def)             Requested size: 352.81552pt x 278.53912pt.
 [17]
<../Images/data_trajectories/trajectory_1.png, id=469, 421.575pt x 316.18124pt>
File: ../Images/data_trajectories/trajectory_1.png Graphic file (type png)
<use ../Images/data_trajectories/trajectory_1.png>
Package pdftex.def Info: ../Images/data_trajectories/trajectory_1.png used on i
nput line 473.
(pdftex.def)             Requested size: 220.50887pt x 165.38492pt.

<../Images/data_trajectories/trajectory_2.png, id=470, 421.575pt x 316.18124pt>
File: ../Images/data_trajectories/trajectory_2.png Graphic file (type png)
<use ../Images/data_trajectories/trajectory_2.png>
Package pdftex.def Info: ../Images/data_trajectories/trajectory_2.png used on i
nput line 474.
(pdftex.def)             Requested size: 220.50887pt x 165.38492pt.

<../Images/data_trajectories/trajectory_3.png, id=471, 421.575pt x 316.18124pt>
File: ../Images/data_trajectories/trajectory_3.png Graphic file (type png)
<use ../Images/data_trajectories/trajectory_3.png>
Package pdftex.def Info: ../Images/data_trajectories/trajectory_3.png used on i
nput line 475.
(pdftex.def)             Requested size: 220.50887pt x 165.38492pt.

<../Images/data_trajectories/trajectory_4.png, id=472, 421.575pt x 316.18124pt>
File: ../Images/data_trajectories/trajectory_4.png Graphic file (type png)
<use ../Images/data_trajectories/trajectory_4.png>
Package pdftex.def Info: ../Images/data_trajectories/trajectory_4.png used on i
nput line 476.
(pdftex.def)             Requested size: 220.50887pt x 165.38492pt.

Overfull \hbox (6.66666pt too wide) in paragraph at lines 473--477
[][][][] 
 []


Overfull \hbox (6.66666pt too wide) in paragraph at lines 473--477
[][][][] 
 []


Underfull \hbox (badness 10000) in paragraph at lines 473--477

 []

[18 <../Images/data_trajectories/end_effector_points.png (PNG copy)>] [19 <../I
mages/data_trajectories/trajectory_1.png (PNG copy)> <../Images/data_trajectori
es/trajectory_2.png (PNG copy)> <../Images/data_trajectories/trajectory_3.png (
PNG copy)> <../Images/data_trajectories/trajectory_4.png (PNG copy)>] [20]

LaTeX Warning: Marginpar on page 21 moved.

[21] <images/HDTS_training.png, id=516, 397.485pt x 379.4175pt>
File: images/HDTS_training.png Graphic file (type png)

<use images/HDTS_training.png>
Package pdftex.def Info: images/HDTS_training.png used on input line 572.
(pdftex.def)             Requested size: 176.40439pt x 168.39157pt.

<images/HDTS_pulse/hdts_upper_sinusoid.png, id=518, 421.575pt x 316.18124pt>
File: images/HDTS_pulse/hdts_upper_sinusoid.png Graphic file (type png)

<use images/HDTS_pulse/hdts_upper_sinusoid.png>
Package pdftex.def Info: images/HDTS_pulse/hdts_upper_sinusoid.png used on inpu
t line 586.
(pdftex.def)             Requested size: 110.25443pt x 82.68764pt.

<images/HDTS_pulse/hdts_rectangular.png, id=519, 421.575pt x 316.18124pt>
File: images/HDTS_pulse/hdts_rectangular.png Graphic file (type png)

<use images/HDTS_pulse/hdts_rectangular.png>
Package pdftex.def Info: images/HDTS_pulse/hdts_rectangular.png used on input l
ine 587.
(pdftex.def)             Requested size: 110.25443pt x 82.68764pt.

<images/HDTS_pulse/hdts_isosceles_triangle.png, id=520, 421.575pt x 316.18124pt
>
File: images/HDTS_pulse/hdts_isosceles_triangle.png Graphic file (type png)
 <use images/HDTS_pulse/hdts_isosceles_triangle.png>
Package pdftex.def Info: images/HDTS_pulse/hdts_isosceles_triangle.png used on 
input line 588.
(pdftex.def)             Requested size: 110.25443pt x 82.68764pt.

<images/HDTS_pulse/hdts_rectangular_triangle.png, id=521, 421.575pt x 316.18124
pt>
File: images/HDTS_pulse/hdts_rectangular_triangle.png Graphic file (type png)
 <use images/HDTS_pulse/hdts_rectangular_triangle.png>
Package pdftex.def Info: images/HDTS_pulse/hdts_rectangular_triangle.png used o
n input line 589.
(pdftex.def)             Requested size: 110.25443pt x 82.68764pt.

Overfull \hbox (13.33328pt too wide) in paragraph at lines 586--590
 [][][][][][][][] 
 []

[22 <./images/HDTS_training.png> <./images/HDTS_pulse/hdts_upper_sinusoid.png (
PNG copy)> <./images/HDTS_pulse/hdts_rectangular.png (PNG copy)> <./images/HDTS
_pulse/hdts_isosceles_triangle.png (PNG copy)> <./images/HDTS_pulse/hdts_rectan
gular_triangle.png (PNG copy)>]
<images/HDTS_compression_per_1.png, id=543, 421.575pt x 316.18124pt>
File: images/HDTS_compression_per_1.png Graphic file (type png)

<use images/HDTS_compression_per_1.png>
Package pdftex.def Info: images/HDTS_compression_per_1.png used on input line 6
31.
(pdftex.def)             Requested size: 132.30666pt x 99.23094pt.

<images/HDTS_compression_per_0_5.png, id=544, 421.575pt x 316.18124pt>
File: images/HDTS_compression_per_0_5.png Graphic file (type png)

<use images/HDTS_compression_per_0_5.png>
Package pdftex.def Info: images/HDTS_compression_per_0_5.png used on input line
 632.
(pdftex.def)             Requested size: 132.30666pt x 99.23094pt.

<images/HDTS_compression_per_2.png, id=545, 429.10312pt x 338.76563pt>
File: images/HDTS_compression_per_2.png Graphic file (type png)

<use images/HDTS_compression_per_2.png>
Package pdftex.def Info: images/HDTS_compression_per_2.png used on input line 6
33.
(pdftex.def)             Requested size: 132.30666pt x 104.45282pt.
 [23 <./images/HDTS_compression_per_1.png (PNG copy)> <./images/HDTS_compressio
n_per_0_5.png (PNG copy)> <./images/HDTS_compression_per_2.png (PNG copy)>] [24
]
Chapter 3.

<../Images/pre-learning/changing_A/membrane_A_0.png, id=579, 421.575pt x 316.18
124pt>
File: ../Images/pre-learning/changing_A/membrane_A_0.png Graphic file (type png
)
 <use ../Images/pre-learning/changing_A/membrane_A_0.png>
Package pdftex.def Info: ../Images/pre-learning/changing_A/membrane_A_0.png use
d on input line 691.
(pdftex.def)             Requested size: 145.53665pt x 109.15501pt.

<../Images/pre-learning/changing_A/raster_A_0.png, id=580, 421.575pt x 316.1812
4pt>
File: ../Images/pre-learning/changing_A/raster_A_0.png Graphic file (type png)
 <use ../Images/pre-learning/changing_A/raster_A_0.png>
Package pdftex.def Info: ../Images/pre-learning/changing_A/raster_A_0.png used 
on input line 692.
(pdftex.def)             Requested size: 145.53665pt x 109.15501pt.

<../Images/pre-learning/changing_A/gna_A_0.png, id=581, 421.575pt x 316.18124pt
>
File: ../Images/pre-learning/changing_A/gna_A_0.png Graphic file (type png)
 <use ../Images/pre-learning/changing_A/gna_A_0.png>
Package pdftex.def Info: ../Images/pre-learning/changing_A/gna_A_0.png used on 
input line 693.
(pdftex.def)             Requested size: 145.53665pt x 109.15501pt.

Overfull \hbox (5.59221pt too wide) in paragraph at lines 691--693
 [][][][][][] 
 []


<../Images/pre-learning/changing_A/membrane_A_10.png, id=582, 421.575pt x 316.1
8124pt>
File: ../Images/pre-learning/changing_A/membrane_A_10.png Graphic file (type pn
g)
 <use ../Images/pre-learning/changing_A/membrane_A_10.png>
Package pdftex.def Info: ../Images/pre-learning/changing_A/membrane_A_10.png us
ed on input line 695.
(pdftex.def)             Requested size: 145.53665pt x 109.15501pt.

<../Images/pre-learning/changing_A/raster_A_10.png, id=583, 421.575pt x 316.181
24pt>
File: ../Images/pre-learning/changing_A/raster_A_10.png Graphic file (type png)

 <use ../Images/pre-learning/changing_A/raster_A_10.png>
Package pdftex.def Info: ../Images/pre-learning/changing_A/raster_A_10.png used
 on input line 696.
(pdftex.def)             Requested size: 145.53665pt x 109.15501pt.

<../Images/pre-learning/changing_A/gna_A_10.png, id=584, 421.575pt x 316.18124p
t>
File: ../Images/pre-learning/changing_A/gna_A_10.png Graphic file (type png)
 <use ../Images/pre-learning/changing_A/gna_A_10.png>
Package pdftex.def Info: ../Images/pre-learning/changing_A/gna_A_10.png used on
 input line 697.
(pdftex.def)             Requested size: 145.53665pt x 109.15501pt.

Overfull \hbox (5.59221pt too wide) in paragraph at lines 695--697
 [][][][][][] 
 []


<../Images/pre-learning/changing_A/membrane_A_50.png, id=585, 421.575pt x 316.1
8124pt>
File: ../Images/pre-learning/changing_A/membrane_A_50.png Graphic file (type pn
g)
 <use ../Images/pre-learning/changing_A/membrane_A_50.png>
Package pdftex.def Info: ../Images/pre-learning/changing_A/membrane_A_50.png us
ed on input line 699.
(pdftex.def)             Requested size: 145.53665pt x 109.15501pt.

<../Images/pre-learning/changing_A/raster_A_50.png, id=586, 421.575pt x 316.181
24pt>
File: ../Images/pre-learning/changing_A/raster_A_50.png Graphic file (type png)

 <use ../Images/pre-learning/changing_A/raster_A_50.png>
Package pdftex.def Info: ../Images/pre-learning/changing_A/raster_A_50.png used
 on input line 700.
(pdftex.def)             Requested size: 145.53665pt x 109.15501pt.

<../Images/pre-learning/changing_A/gna_A_50.png, id=587, 421.575pt x 316.18124p
t>
File: ../Images/pre-learning/changing_A/gna_A_50.png Graphic file (type png)
 <use ../Images/pre-learning/changing_A/gna_A_50.png>
Package pdftex.def Info: ../Images/pre-learning/changing_A/gna_A_50.png used on
 input line 701.
(pdftex.def)             Requested size: 145.53665pt x 109.15501pt.

Overfull \hbox (5.59221pt too wide) in paragraph at lines 699--701
 [][][][][][] 
 []


<../Images/pre-learning/changing_A/membrane_A_100.png, id=588, 421.575pt x 316.
18124pt>
File: ../Images/pre-learning/changing_A/membrane_A_100.png Graphic file (type p
ng)
 <use ../Images/pre-learning/changing_A/membrane_A_100.png>
Package pdftex.def Info: ../Images/pre-learning/changing_A/membrane_A_100.png u
sed on input line 703.
(pdftex.def)             Requested size: 145.53665pt x 109.15501pt.

<../Images/pre-learning/changing_A/raster_A_100.png, id=589, 421.575pt x 316.18
124pt>
File: ../Images/pre-learning/changing_A/raster_A_100.png Graphic file (type png
)
 <use ../Images/pre-learning/changing_A/raster_A_100.png>
Package pdftex.def Info: ../Images/pre-learning/changing_A/raster_A_100.png use
d on input line 704.
(pdftex.def)             Requested size: 145.53665pt x 109.15501pt.

<../Images/pre-learning/changing_A/gna_A_100.png, id=590, 421.575pt x 316.18124
pt>
File: ../Images/pre-learning/changing_A/gna_A_100.png Graphic file (type png)
 <use ../Images/pre-learning/changing_A/gna_A_100.png>
Package pdftex.def Info: ../Images/pre-learning/changing_A/gna_A_100.png used o
n input line 705.
(pdftex.def)             Requested size: 145.53665pt x 109.15501pt.

Overfull \hbox (5.59221pt too wide) in paragraph at lines 703--705
 [][][][][][] 
 []


<../Images/pre-learning/changing_A/membrane_A_200.png, id=591, 421.575pt x 316.
18124pt>
File: ../Images/pre-learning/changing_A/membrane_A_200.png Graphic file (type p
ng)
 <use ../Images/pre-learning/changing_A/membrane_A_200.png>
Package pdftex.def Info: ../Images/pre-learning/changing_A/membrane_A_200.png u
sed on input line 707.
(pdftex.def)             Requested size: 145.53665pt x 109.15501pt.

<../Images/pre-learning/changing_A/raster_A_200.png, id=592, 421.575pt x 316.18
124pt>
File: ../Images/pre-learning/changing_A/raster_A_200.png Graphic file (type png
)
 <use ../Images/pre-learning/changing_A/raster_A_200.png>
Package pdftex.def Info: ../Images/pre-learning/changing_A/raster_A_200.png use
d on input line 708.
(pdftex.def)             Requested size: 145.53665pt x 109.15501pt.

<../Images/pre-learning/changing_A/gna_A_200.png, id=593, 421.575pt x 316.18124
pt>
File: ../Images/pre-learning/changing_A/gna_A_200.png Graphic file (type png)
 <use ../Images/pre-learning/changing_A/gna_A_200.png>
Package pdftex.def Info: ../Images/pre-learning/changing_A/gna_A_200.png used o
n input line 709.
(pdftex.def)             Requested size: 145.53665pt x 109.15501pt.

Overfull \hbox (5.59221pt too wide) in paragraph at lines 707--709
 [][][][][][] 
 []


<../Images/pre-learning/changing_A/membrane_A_500.png, id=594, 421.575pt x 316.
18124pt>
File: ../Images/pre-learning/changing_A/membrane_A_500.png Graphic file (type p
ng)
 <use ../Images/pre-learning/changing_A/membrane_A_500.png>
Package pdftex.def Info: ../Images/pre-learning/changing_A/membrane_A_500.png u
sed on input line 711.
(pdftex.def)             Requested size: 145.53665pt x 109.15501pt.

<../Images/pre-learning/changing_A/raster_A_500.png, id=595, 421.575pt x 316.18
124pt>
File: ../Images/pre-learning/changing_A/raster_A_500.png Graphic file (type png
)
 <use ../Images/pre-learning/changing_A/raster_A_500.png>
Package pdftex.def Info: ../Images/pre-learning/changing_A/raster_A_500.png use
d on input line 712.
(pdftex.def)             Requested size: 145.53665pt x 109.15501pt.

<../Images/pre-learning/changing_A/gna_A_500.png, id=596, 421.575pt x 316.18124
pt>
File: ../Images/pre-learning/changing_A/gna_A_500.png Graphic file (type png)
 <use ../Images/pre-learning/changing_A/gna_A_500.png>
Package pdftex.def Info: ../Images/pre-learning/changing_A/gna_A_500.png used o
n input line 713.
(pdftex.def)             Requested size: 145.53665pt x 109.15501pt.

Overfull \hbox (5.59221pt too wide) in paragraph at lines 711--713
 [][][][][][] 
 []

[25

]
Overfull \vbox (40.64699pt too high) has occurred while \output is active []


[26 <../Images/pre-learning/changing_A/membrane_A_0.png (PNG copy)> <../Images/
pre-learning/changing_A/raster_A_0.png (PNG copy)> <../Images/pre-learning/chan
ging_A/gna_A_0.png (PNG copy)> <../Images/pre-learning/changing_A/membrane_A_10
.png (PNG copy)> <../Images/pre-learning/changing_A/raster_A_10.png (PNG copy)>
 <../Images/pre-learning/changing_A/gna_A_10.png (PNG copy)> <../Images/pre-lea
rning/changing_A/membrane_A_50.png (PNG copy)> <../Images/pre-learning/changing
_A/raster_A_50.png (PNG copy)> <../Images/pre-learning/changing_A/gna_A_50.png 
(PNG copy)> <../Images/pre-learning/changing_A/membrane_A_100.png (PNG copy)> <
../Images/pre-learning/changing_A/raster_A_100.png (PNG copy)> <../Images/pre-l
earning/changing_A/gna_A_100.png (PNG copy)> <../Images/pre-learning/changing_A
/membrane_A_200.png (PNG copy)> <../Images/pre-learning/changing_A/raster_A_200
.png (PNG copy)> <../Images/pre-learning/changing_A/gna_A_200.png (PNG copy)> <
../Images/pre-learning/changing_A/membrane_A_500.png (PNG copy)> <../Images/pre
-learning/changing_A/raster_A_500.png (PNG copy)> <../Images/pre-learning/chang
ing_A/gna_A_500.png (PNG copy)>]
<../Images/pre-learning/changing_f_osc/membrane_f_4.png, id=626, 421.575pt x 31
6.18124pt>
File: ../Images/pre-learning/changing_f_osc/membrane_f_4.png Graphic file (type
 png)
 <use ../Images/pre-learning/changing_f_osc/membrane_f_4.png>
Package pdftex.def Info: ../Images/pre-learning/changing_f_osc/membrane_f_4.png
 used on input line 721.
(pdftex.def)             Requested size: 145.53665pt x 109.15501pt.

<../Images/pre-learning/changing_f_osc/raster_f_4.png, id=627, 421.575pt x 316.
18124pt>
File: ../Images/pre-learning/changing_f_osc/raster_f_4.png Graphic file (type p
ng)
 <use ../Images/pre-learning/changing_f_osc/raster_f_4.png>
Package pdftex.def Info: ../Images/pre-learning/changing_f_osc/raster_f_4.png u
sed on input line 722.
(pdftex.def)             Requested size: 145.53665pt x 109.15501pt.

<../Images/pre-learning/changing_f_osc/gna_f_4.png, id=628, 421.575pt x 316.181
24pt>
File: ../Images/pre-learning/changing_f_osc/gna_f_4.png Graphic file (type png)

 <use ../Images/pre-learning/changing_f_osc/gna_f_4.png>
Package pdftex.def Info: ../Images/pre-learning/changing_f_osc/gna_f_4.png used
 on input line 723.
(pdftex.def)             Requested size: 145.53665pt x 109.15501pt.

Overfull \hbox (5.59221pt too wide) in paragraph at lines 721--723
 [][][][][][] 
 []


<../Images/pre-learning/changing_f_osc/membrane_f_7.png, id=629, 421.575pt x 31
6.18124pt>
File: ../Images/pre-learning/changing_f_osc/membrane_f_7.png Graphic file (type
 png)
 <use ../Images/pre-learning/changing_f_osc/membrane_f_7.png>
Package pdftex.def Info: ../Images/pre-learning/changing_f_osc/membrane_f_7.png
 used on input line 724.
(pdftex.def)             Requested size: 145.53665pt x 109.15501pt.

<../Images/pre-learning/changing_f_osc/raster_f_7.png, id=630, 421.575pt x 316.
18124pt>
File: ../Images/pre-learning/changing_f_osc/raster_f_7.png Graphic file (type p
ng)
 <use ../Images/pre-learning/changing_f_osc/raster_f_7.png>
Package pdftex.def Info: ../Images/pre-learning/changing_f_osc/raster_f_7.png u
sed on input line 725.
(pdftex.def)             Requested size: 145.53665pt x 109.15501pt.

<../Images/pre-learning/changing_f_osc/gna_f_7.png, id=631, 421.575pt x 316.181
24pt>
File: ../Images/pre-learning/changing_f_osc/gna_f_7.png Graphic file (type png)

 <use ../Images/pre-learning/changing_f_osc/gna_f_7.png>
Package pdftex.def Info: ../Images/pre-learning/changing_f_osc/gna_f_7.png used
 on input line 726.
(pdftex.def)             Requested size: 145.53665pt x 109.15501pt.

Overfull \hbox (5.59221pt too wide) in paragraph at lines 724--726
 [][][][][][] 
 []


<../Images/pre-learning/changing_f_osc/membrane_f_10.png, id=632, 421.575pt x 3
16.18124pt>
File: ../Images/pre-learning/changing_f_osc/membrane_f_10.png Graphic file (typ
e png)
 <use ../Images/pre-learning/changing_f_osc/membrane_f_10.png>
Package pdftex.def Info: ../Images/pre-learning/changing_f_osc/membrane_f_10.pn
g used on input line 727.
(pdftex.def)             Requested size: 145.53665pt x 109.15501pt.

<../Images/pre-learning/changing_f_osc/raster_f_10.png, id=633, 421.575pt x 316
.18124pt>
File: ../Images/pre-learning/changing_f_osc/raster_f_10.png Graphic file (type 
png)
 <use ../Images/pre-learning/changing_f_osc/raster_f_10.png>
Package pdftex.def Info: ../Images/pre-learning/changing_f_osc/raster_f_10.png 
used on input line 728.
(pdftex.def)             Requested size: 145.53665pt x 109.15501pt.

<../Images/pre-learning/changing_f_osc/gna_f_10.png, id=634, 421.575pt x 316.18
124pt>
File: ../Images/pre-learning/changing_f_osc/gna_f_10.png Graphic file (type png
)
 <use ../Images/pre-learning/changing_f_osc/gna_f_10.png>
Package pdftex.def Info: ../Images/pre-learning/changing_f_osc/gna_f_10.png use
d on input line 729.
(pdftex.def)             Requested size: 145.53665pt x 109.15501pt.

Overfull \hbox (5.59221pt too wide) in paragraph at lines 727--729
 [][][][][][] 
 []


Package hyperref Warning: Token not allowed in a PDF string (PDFDocEncoding):
(hyperref)                removing `math shift' on input line 739.


Package hyperref Warning: Token not allowed in a PDF string (PDFDocEncoding):
(hyperref)                removing `\varphi' on input line 739.


Package hyperref Warning: Token not allowed in a PDF string (PDFDocEncoding):
(hyperref)                removing `subscript' on input line 739.


Package hyperref Warning: Token not allowed in a PDF string (PDFDocEncoding):
(hyperref)                removing `math shift' on input line 739.

[27 <../Images/pre-learning/changing_f_osc/membrane_f_4.png (PNG copy)> <../Ima
ges/pre-learning/changing_f_osc/raster_f_4.png (PNG copy)> <../Images/pre-learn
ing/changing_f_osc/gna_f_4.png (PNG copy)> <../Images/pre-learning/changing_f_o
sc/membrane_f_7.png (PNG copy)> <../Images/pre-learning/changing_f_osc/raster_f
_7.png (PNG copy)> <../Images/pre-learning/changing_f_osc/gna_f_7.png (PNG copy
)> <../Images/pre-learning/changing_f_osc/membrane_f_10.png (PNG copy)> <../Ima
ges/pre-learning/changing_f_osc/raster_f_10.png (PNG copy)> <../Images/pre-lear
ning/changing_f_osc/gna_f_10.png (PNG copy)>] [28]
<../Images/learning/past/past_f_1_Q_5000.png, id=660, 421.575pt x 316.18124pt>
File: ../Images/learning/past/past_f_1_Q_5000.png Graphic file (type png)

<use ../Images/learning/past/past_f_1_Q_5000.png>
Package pdftex.def Info: ../Images/learning/past/past_f_1_Q_5000.png used on in
put line 825.
(pdftex.def)             Requested size: 220.50887pt x 165.38492pt.

<../Images/learning/past/past_f_5_Q_5000.png, id=661, 421.575pt x 316.18124pt>
File: ../Images/learning/past/past_f_5_Q_5000.png Graphic file (type png)

<use ../Images/learning/past/past_f_5_Q_5000.png>
Package pdftex.def Info: ../Images/learning/past/past_f_5_Q_5000.png used on in
put line 826.
(pdftex.def)             Requested size: 220.50887pt x 165.38492pt.

<../Images/learning/past/past_f_7_Q_5000.png, id=662, 421.575pt x 316.18124pt>
File: ../Images/learning/past/past_f_7_Q_5000.png Graphic file (type png)

<use ../Images/learning/past/past_f_7_Q_5000.png>
Package pdftex.def Info: ../Images/learning/past/past_f_7_Q_5000.png used on in
put line 828.
(pdftex.def)             Requested size: 220.50887pt x 165.38492pt.

<../Images/learning/past/past_f_12_Q_5000.png, id=663, 421.575pt x 316.18124pt>
File: ../Images/learning/past/past_f_12_Q_5000.png Graphic file (type png)
<use ../Images/learning/past/past_f_12_Q_5000.png>
Package pdftex.def Info: ../Images/learning/past/past_f_12_Q_5000.png used on i
nput line 829.
(pdftex.def)             Requested size: 220.50887pt x 165.38492pt.
 [29] [30 <../Images/learning/past/past_f_1_Q_5000.png (PNG copy)> <../Images/l
earning/past/past_f_5_Q_5000.png (PNG copy)> <../Images/learning/past/past_f_7_
Q_5000.png (PNG copy)> <../Images/learning/past/past_f_12_Q_5000.png (PNG copy)
>] [31] [32]

Package caption Warning: \captionsetup{type*=...} or \captionof
(caption)                outside box or environment on input line 1009.
See the caption package documentation for explanation.


Package caption Warning: The option `hypcap=true' will be ignored for this
(caption)                particular \caption on input line 1009.
See the caption package documentation for explanation.


<../Images/learning/multidim_target/discretized_signal.png, id=707, 421.575pt x
 316.18124pt>
File: ../Images/learning/multidim_target/discretized_signal.png Graphic file (t
ype png)
 <use ../Images/learning/multidim_target/discretized_signal.png>
Package pdftex.def Info: ../Images/learning/multidim_target/discretized_signal.
png used on input line 1016.
(pdftex.def)             Requested size: 220.50887pt x 165.38492pt.

<../Images/learning/multidim_target/bin_histogram.png, id=708, 421.575pt x 316.
18124pt>
File: ../Images/learning/multidim_target/bin_histogram.png Graphic file (type p
ng)
 <use ../Images/learning/multidim_target/bin_histogram.png>
Package pdftex.def Info: ../Images/learning/multidim_target/bin_histogram.png u
sed on input line 1017.
(pdftex.def)             Requested size: 220.50887pt x 165.38492pt.

Overfull \hbox (6.66666pt too wide) in paragraph at lines 1016--1017
 [][][][] 
 []


<../Images/learning/multidim_target/smoothed_dimensions_sigma_1.png, id=709, 42
1.575pt x 316.18124pt>
File: ../Images/learning/multidim_target/smoothed_dimensions_sigma_1.png Graphi
c file (type png)

<use ../Images/learning/multidim_target/smoothed_dimensions_sigma_1.png>
Package pdftex.def Info: ../Images/learning/multidim_target/smoothed_dimensions
_sigma_1.png used on input line 1018.
(pdftex.def)             Requested size: 220.50887pt x 165.38492pt.

<../Images/learning/multidim_target/smoothed_dimensions_sigma_0_05.png, id=710,
 421.575pt x 316.18124pt>
File: ../Images/learning/multidim_target/smoothed_dimensions_sigma_0_05.png Gra
phic file (type png)

<use ../Images/learning/multidim_target/smoothed_dimensions_sigma_0_05.png>
Package pdftex.def Info: ../Images/learning/multidim_target/smoothed_dimensions
_sigma_0_05.png used on input line 1019.
(pdftex.def)             Requested size: 220.50887pt x 165.38492pt.

Overfull \hbox (6.66666pt too wide) in paragraph at lines 1018--1020
 [][][][] 
 []

[33]
<../Images/learning/try_to_make_low_frequency_work/average_error_vs_d.png, id=7
22, 421.575pt x 316.18124pt>
File: ../Images/learning/try_to_make_low_frequency_work/average_error_vs_d.png 
Graphic file (type png)

<use ../Images/learning/try_to_make_low_frequency_work/average_error_vs_d.png>
Package pdftex.def Info: ../Images/learning/try_to_make_low_frequency_work/aver
age_error_vs_d.png used on input line 1032.
(pdftex.def)             Requested size: 220.50887pt x 165.38492pt.

<../Images/learning/try_to_make_low_frequency_work/average_firing_rate_vs_d.png
, id=723, 421.575pt x 316.18124pt>
File: ../Images/learning/try_to_make_low_frequency_work/average_firing_rate_vs_
d.png Graphic file (type png)

<use ../Images/learning/try_to_make_low_frequency_work/average_firing_rate_vs_d
.png>
Package pdftex.def Info: ../Images/learning/try_to_make_low_frequency_work/aver
age_firing_rate_vs_d.png used on input line 1033.
(pdftex.def)             Requested size: 220.50887pt x 165.38492pt.

Overfull \hbox (6.66666pt too wide) in paragraph at lines 1032--1033
 [][][][] 
 []


Underfull \hbox (badness 2318) in paragraph at lines 1034--1034
[]\OT1/cmr/bx/n/9 Figure 3.6: |\OT1/cmr/m/n/9 Av-er-age squared er-ror and av-e
r-age fir-ing rate as a func-tion of pa-ram-e-ter $\OML/cmm/m/it/9 d \OMS/cmsy/
m/n/9 2
 []

[34 <../Images/learning/multidim_target/discretized_signal.png (PNG copy)> <../
Images/learning/multidim_target/bin_histogram.png (PNG copy)> <../Images/learni
ng/multidim_target/smoothed_dimensions_sigma_1.png (PNG copy)> <../Images/learn
ing/multidim_target/smoothed_dimensions_sigma_0_05.png (PNG copy)>]

LaTeX Warning: Marginpar on page 35 moved.


LaTeX Warning: Marginpar on page 35 moved.


<../Images/learning/try_to_make_low_frequency_work/control_frequency/approximan
t_d_plus_20.png, id=742, 421.575pt x 316.18124pt>
File: ../Images/learning/try_to_make_low_frequency_work/control_frequency/appro
ximant_d_plus_20.png Graphic file (type png)

<use ../Images/learning/try_to_make_low_frequency_work/control_frequency/approx
imant_d_plus_20.png>
Package pdftex.def Info: ../Images/learning/try_to_make_low_frequency_work/cont
rol_frequency/approximant_d_plus_20.png used on input line 1065.
(pdftex.def)             Requested size: 145.53665pt x 109.15501pt.

<../Images/learning/try_to_make_low_frequency_work/control_frequency/approximan
t_d_minus_5.png, id=743, 421.575pt x 316.18124pt>
File: ../Images/learning/try_to_make_low_frequency_work/control_frequency/appro
ximant_d_minus_5.png Graphic file (type png)

<use ../Images/learning/try_to_make_low_frequency_work/control_frequency/approx
imant_d_minus_5.png>
Package pdftex.def Info: ../Images/learning/try_to_make_low_frequency_work/cont
rol_frequency/approximant_d_minus_5.png used on input line 1066.
(pdftex.def)             Requested size: 145.53665pt x 109.15501pt.

<../Images/learning/try_to_make_low_frequency_work/control_frequency/approximan
t_d_plus_20_minus_20.png, id=744, 421.575pt x 316.18124pt>
File: ../Images/learning/try_to_make_low_frequency_work/control_frequency/appro
ximant_d_plus_20_minus_20.png Graphic file (type png)

<use ../Images/learning/try_to_make_low_frequency_work/control_frequency/approx
imant_d_plus_20_minus_20.png>
Package pdftex.def Info: ../Images/learning/try_to_make_low_frequency_work/cont
rol_frequency/approximant_d_plus_20_minus_20.png used on input line 1067.
(pdftex.def)             Requested size: 145.53665pt x 109.15501pt.

<../Images/learning/try_to_make_low_frequency_work/control_frequency/spectrogra
m_d_plus_20.png, id=745, 421.575pt x 316.18124pt>
File: ../Images/learning/try_to_make_low_frequency_work/control_frequency/spect
rogram_d_plus_20.png Graphic file (type png)

<use ../Images/learning/try_to_make_low_frequency_work/control_frequency/spectr
ogram_d_plus_20.png>
Package pdftex.def Info: ../Images/learning/try_to_make_low_frequency_work/cont
rol_frequency/spectrogram_d_plus_20.png used on input line 1069.
(pdftex.def)             Requested size: 145.53665pt x 109.15501pt.

<../Images/learning/try_to_make_low_frequency_work/control_frequency/spectrogra
m_d_minus_5.png, id=746, 421.575pt x 316.18124pt>
File: ../Images/learning/try_to_make_low_frequency_work/control_frequency/spect
rogram_d_minus_5.png Graphic file (type png)

<use ../Images/learning/try_to_make_low_frequency_work/control_frequency/spectr
ogram_d_minus_5.png>
Package pdftex.def Info: ../Images/learning/try_to_make_low_frequency_work/cont
rol_frequency/spectrogram_d_minus_5.png used on input line 1070.
(pdftex.def)             Requested size: 145.53665pt x 109.15501pt.

<../Images/learning/try_to_make_low_frequency_work/control_frequency/spectrogra
m_d_plus_20_minus_20.png, id=747, 421.575pt x 316.18124pt>
File: ../Images/learning/try_to_make_low_frequency_work/control_frequency/spect
rogram_d_plus_20_minus_20.png Graphic file (type png)

<use ../Images/learning/try_to_make_low_frequency_work/control_frequency/spectr
ogram_d_plus_20_minus_20.png>
Package pdftex.def Info: ../Images/learning/try_to_make_low_frequency_work/cont
rol_frequency/spectrogram_d_plus_20_minus_20.png used on input line 1071.
(pdftex.def)             Requested size: 145.53665pt x 109.15501pt.
 [35 <../Images/learning/try_to_make_low_frequency_work/average_error_vs_d.png 
(PNG copy)> <../Images/learning/try_to_make_low_frequency_work/average_firing_r
ate_vs_d.png (PNG copy)>]
<../Images/learning/try_to_make_low_frequency_work/control_frequency/approximan
t_a_plus_0_005.png, id=771, 414.04688pt x 293.59688pt>
File: ../Images/learning/try_to_make_low_frequency_work/control_frequency/appro
ximant_a_plus_0_005.png Graphic file (type png)

<use ../Images/learning/try_to_make_low_frequency_work/control_frequency/approx
imant_a_plus_0_005.png>
Package pdftex.def Info: ../Images/learning/try_to_make_low_frequency_work/cont
rol_frequency/approximant_a_plus_0_005.png used on input line 1080.
(pdftex.def)             Requested size: 145.53665pt x 103.19946pt.

<../Images/learning/try_to_make_low_frequency_work/control_frequency/approximan
t_a_minus_0_00025.png, id=772, 421.575pt x 316.18124pt>
File: ../Images/learning/try_to_make_low_frequency_work/control_frequency/appro
ximant_a_minus_0_00025.png Graphic file (type png)

<use ../Images/learning/try_to_make_low_frequency_work/control_frequency/approx
imant_a_minus_0_00025.png>
Package pdftex.def Info: ../Images/learning/try_to_make_low_frequency_work/cont
rol_frequency/approximant_a_minus_0_00025.png used on input line 1081.
(pdftex.def)             Requested size: 145.53665pt x 109.15501pt.

<../Images/learning/try_to_make_low_frequency_work/control_frequency/approximan
t_a_plus_0_005_minus_0_005.png, id=773, 414.04688pt x 293.59688pt>
File: ../Images/learning/try_to_make_low_frequency_work/control_frequency/appro
ximant_a_plus_0_005_minus_0_005.png Graphic file (type png)

<use ../Images/learning/try_to_make_low_frequency_work/control_frequency/approx
imant_a_plus_0_005_minus_0_005.png>
Package pdftex.def Info: ../Images/learning/try_to_make_low_frequency_work/cont
rol_frequency/approximant_a_plus_0_005_minus_0_005.png used on input line 1082.

(pdftex.def)             Requested size: 145.53665pt x 103.19946pt.

<../Images/learning/try_to_make_low_frequency_work/control_frequency/spectrogra
m_a_plus_0_005.png, id=774, 421.575pt x 316.18124pt>
File: ../Images/learning/try_to_make_low_frequency_work/control_frequency/spect
rogram_a_plus_0_005.png Graphic file (type png)

<use ../Images/learning/try_to_make_low_frequency_work/control_frequency/spectr
ogram_a_plus_0_005.png>
Package pdftex.def Info: ../Images/learning/try_to_make_low_frequency_work/cont
rol_frequency/spectrogram_a_plus_0_005.png used on input line 1084.
(pdftex.def)             Requested size: 145.53665pt x 109.15501pt.

<../Images/learning/try_to_make_low_frequency_work/control_frequency/spectrogra
m_a_minus_0_00025.png, id=775, 421.575pt x 316.18124pt>
File: ../Images/learning/try_to_make_low_frequency_work/control_frequency/spect
rogram_a_minus_0_00025.png Graphic file (type png)

<use ../Images/learning/try_to_make_low_frequency_work/control_frequency/spectr
ogram_a_minus_0_00025.png>
Package pdftex.def Info: ../Images/learning/try_to_make_low_frequency_work/cont
rol_frequency/spectrogram_a_minus_0_00025.png used on input line 1085.
(pdftex.def)             Requested size: 145.53665pt x 109.15501pt.

<../Images/learning/try_to_make_low_frequency_work/control_frequency/spectrogra
m_a_plus_0_005_minus_0_005.png, id=776, 421.575pt x 316.18124pt>
File: ../Images/learning/try_to_make_low_frequency_work/control_frequency/spect
rogram_a_plus_0_005_minus_0_005.png Graphic file (type png)

<use ../Images/learning/try_to_make_low_frequency_work/control_frequency/spectr
ogram_a_plus_0_005_minus_0_005.png>
Package pdftex.def Info: ../Images/learning/try_to_make_low_frequency_work/cont
rol_frequency/spectrogram_a_plus_0_005_minus_0_005.png used on input line 1086.

(pdftex.def)             Requested size: 145.53665pt x 109.15501pt.
 [36 <../Images/learning/try_to_make_low_frequency_work/control_frequency/appro
ximant_d_plus_20.png (PNG copy)> <../Images/learning/try_to_make_low_frequency_
work/control_frequency/approximant_d_minus_5.png (PNG copy)> <../Images/learnin
g/try_to_make_low_frequency_work/control_frequency/approximant_d_plus_20_minus_
20.png (PNG copy)> <../Images/learning/try_to_make_low_frequency_work/control_f
requency/spectrogram_d_plus_20.png (PNG copy)> <../Images/learning/try_to_make_
low_frequency_work/control_frequency/spectrogram_d_minus_5.png (PNG copy)> <../
Images/learning/try_to_make_low_frequency_work/control_frequency/spectrogram_d_
plus_20_minus_20.png (PNG copy)>]
<../Images/learning/HDTS/speedup/target_vs_approx_supervisor_2_compress_2.png, 
id=792, 421.575pt x 316.18124pt>
File: ../Images/learning/HDTS/speedup/target_vs_approx_supervisor_2_compress_2.
png Graphic file (type png)

<use ../Images/learning/HDTS/speedup/target_vs_approx_supervisor_2_compress_2.p
ng>
Package pdftex.def Info: ../Images/learning/HDTS/speedup/target_vs_approx_super
visor_2_compress_2.png used on input line 1102.
(pdftex.def)             Requested size: 220.50887pt x 165.38492pt.

<../Images/learning/HDTS/speedup/spectro_supervisor_2_compress_2.png, id=793, 4
21.575pt x 316.18124pt>
File: ../Images/learning/HDTS/speedup/spectro_supervisor_2_compress_2.png Graph
ic file (type png)

<use ../Images/learning/HDTS/speedup/spectro_supervisor_2_compress_2.png>
Package pdftex.def Info: ../Images/learning/HDTS/speedup/spectro_supervisor_2_c
ompress_2.png used on input line 1103.
(pdftex.def)             Requested size: 220.50887pt x 165.38492pt.

Overfull \hbox (6.66666pt too wide) in paragraph at lines 1101--1103
 [][][][] 
 []


<../Images/learning/HDTS/speedup/target_vs_approx_supervisor_2_compress_0_5.png
, id=794, 421.575pt x 316.18124pt>
File: ../Images/learning/HDTS/speedup/target_vs_approx_supervisor_2_compress_0_
5.png Graphic file (type png)

<use ../Images/learning/HDTS/speedup/target_vs_approx_supervisor_2_compress_0_5
.png>
Package pdftex.def Info: ../Images/learning/HDTS/speedup/target_vs_approx_super
visor_2_compress_0_5.png used on input line 1105.
(pdftex.def)             Requested size: 220.50887pt x 165.38492pt.

<../Images/learning/HDTS/speedup/spectro_supervisor_2_compress_0_5.png, id=795,
 421.575pt x 316.18124pt>
File: ../Images/learning/HDTS/speedup/spectro_supervisor_2_compress_0_5.png Gra
phic file (type png)

<use ../Images/learning/HDTS/speedup/spectro_supervisor_2_compress_0_5.png>
Package pdftex.def Info: ../Images/learning/HDTS/speedup/spectro_supervisor_2_c
ompress_0_5.png used on input line 1106.
(pdftex.def)             Requested size: 220.50887pt x 165.38492pt.

Overfull \hbox (6.66666pt too wide) in paragraph at lines 1104--1107
 [][][][] 
 []

[37 <../Images/learning/try_to_make_low_frequency_work/control_frequency/approx
imant_a_plus_0_005.png (PNG copy)> <../Images/learning/try_to_make_low_frequenc
y_work/control_frequency/approximant_a_minus_0_00025.png (PNG copy)> <../Images
/learning/try_to_make_low_frequency_work/control_frequency/approximant_a_plus_0
_005_minus_0_005.png (PNG copy)> <../Images/learning/try_to_make_low_frequency_
work/control_frequency/spectrogram_a_plus_0_005.png (PNG copy)> <../Images/lear
ning/try_to_make_low_frequency_work/control_frequency/spectrogram_a_minus_0_000
25.png (PNG copy)> <../Images/learning/try_to_make_low_frequency_work/control_f
requency/spectrogram_a_plus_0_005_minus_0_005.png (PNG copy)>] [38 <../Images/l
earning/HDTS/speedup/target_vs_approx_supervisor_2_compress_2.png (PNG copy)> <
../Images/learning/HDTS/speedup/spectro_supervisor_2_compress_2.png (PNG copy)>
 <../Images/learning/HDTS/speedup/target_vs_approx_supervisor_2_compress_0_5.pn
g (PNG copy)> <../Images/learning/HDTS/speedup/spectro_supervisor_2_compress_0_
5.png (PNG copy)>]

LaTeX Warning: Marginpar on page 39 moved.


<../Images/learning/HDTS/inverse/target_vs_approx_sup1.png, id=817, 421.575pt x
 316.18124pt>
File: ../Images/learning/HDTS/inverse/target_vs_approx_sup1.png Graphic file (t
ype png)
 <use ../Images/learning/HDTS/inverse/target_vs_approx_sup1.png>
Package pdftex.def Info: ../Images/learning/HDTS/inverse/target_vs_approx_sup1.
png used on input line 1122.
(pdftex.def)             Requested size: 220.50887pt x 165.38492pt.

<../Images/learning/HDTS/inverse/target_vs_approx_sup2.png, id=818, 421.575pt x
 316.18124pt>
File: ../Images/learning/HDTS/inverse/target_vs_approx_sup2.png Graphic file (t
ype png)
 <use ../Images/learning/HDTS/inverse/target_vs_approx_sup2.png>
Package pdftex.def Info: ../Images/learning/HDTS/inverse/target_vs_approx_sup2.
png used on input line 1123.
(pdftex.def)             Requested size: 220.50887pt x 165.38492pt.

Overfull \hbox (6.66666pt too wide) in paragraph at lines 1122--1124
 [][][][] 
 []


<../Images/learning/HDTS/does_it_trigger/target_vs_approx_2.png, id=820, 421.57
5pt x 316.18124pt>
File: ../Images/learning/HDTS/does_it_trigger/target_vs_approx_2.png Graphic fi
le (type png)

<use ../Images/learning/HDTS/does_it_trigger/target_vs_approx_2.png>
Package pdftex.def Info: ../Images/learning/HDTS/does_it_trigger/target_vs_appr
ox_2.png used on input line 1135.
(pdftex.def)             Requested size: 220.50887pt x 165.38492pt.

<../Images/learning/HDTS/does_it_trigger/target_vs_approx_1.png, id=821, 421.57
5pt x 316.18124pt>
File: ../Images/learning/HDTS/does_it_trigger/target_vs_approx_1.png Graphic fi
le (type png)

<use ../Images/learning/HDTS/does_it_trigger/target_vs_approx_1.png>
Package pdftex.def Info: ../Images/learning/HDTS/does_it_trigger/target_vs_appr
ox_1.png used on input line 1136.
(pdftex.def)             Requested size: 220.50887pt x 165.38492pt.

Overfull \hbox (6.66666pt too wide) in paragraph at lines 1135--1137
 [][][][] 
 []

[39 <../Images/learning/HDTS/inverse/target_vs_approx_sup1.png (PNG copy)> <../
Images/learning/HDTS/inverse/target_vs_approx_sup2.png (PNG copy)> <../Images/l
earning/HDTS/does_it_trigger/target_vs_approx_2.png (PNG copy)> <../Images/lear
ning/HDTS/does_it_trigger/target_vs_approx_1.png (PNG copy)>]
<images/HDTS_train.png, id=835, 796.47563pt x 124.21407pt>
File: images/HDTS_train.png Graphic file (type png)

<use images/HDTS_train.png>
Package pdftex.def Info: images/HDTS_train.png used on input line 1151.
(pdftex.def)             Requested size: 441.01773pt x 68.7785pt.

<../Images/learning/HDTS/approx_vs_target_two_target_two_HDTS.png, id=836, 421.
575pt x 316.18124pt>
File: ../Images/learning/HDTS/approx_vs_target_two_target_two_HDTS.png Graphic 
file (type png)

<use ../Images/learning/HDTS/approx_vs_target_two_target_two_HDTS.png>
Package pdftex.def Info: ../Images/learning/HDTS/approx_vs_target_two_target_tw
o_HDTS.png used on input line 1152.
(pdftex.def)             Requested size: 220.50887pt x 165.38492pt.

<../Images/learning/HDTS/raster_two_target_two_HDTS.png, id=837, 421.575pt x 31
6.18124pt>
File: ../Images/learning/HDTS/raster_two_target_two_HDTS.png Graphic file (type
 png)
 <use ../Images/learning/HDTS/raster_two_target_two_HDTS.png>
Package pdftex.def Info: ../Images/learning/HDTS/raster_two_target_two_HDTS.png
 used on input line 1153.
(pdftex.def)             Requested size: 220.50887pt x 165.38492pt.

Overfull \hbox (3.33333pt too wide) in paragraph at lines 1151--1154
[][][][] 
 []


<../Images/learning/HDTS/one_HDTS_two_targets_destroy.png, id=840, 421.575pt x 
316.18124pt>
File: ../Images/learning/HDTS/one_HDTS_two_targets_destroy.png Graphic file (ty
pe png)
 <use ../Images/learning/HDTS/one_HDTS_two_targets_destroy.png>
Package pdftex.def Info: ../Images/learning/HDTS/one_HDTS_two_targets_destroy.p
ng used on input line 1160.
(pdftex.def)             Requested size: 220.50887pt x 165.38492pt.

[40 <./images/HDTS_train.png (PNG copy)> <../Images/learning/HDTS/approx_vs_tar
get_two_target_two_HDTS.png (PNG copy)> <../Images/learning/HDTS/raster_two_tar
get_two_HDTS.png (PNG copy)>]

LaTeX Warning: Marginpar on page 41 moved.


<../Images/learning/HDTS/combination/target_vs_approx_0_5_0_5.png, id=853, 421.
575pt x 316.18124pt>
File: ../Images/learning/HDTS/combination/target_vs_approx_0_5_0_5.png Graphic 
file (type png)

<use ../Images/learning/HDTS/combination/target_vs_approx_0_5_0_5.png>
Package pdftex.def Info: ../Images/learning/HDTS/combination/target_vs_approx_0
_5_0_5.png used on input line 1181.
(pdftex.def)             Requested size: 145.53665pt x 109.15501pt.

<../Images/learning/HDTS/combination/target_vs_approx_0_3_0_7.png, id=854, 421.
575pt x 316.18124pt>
File: ../Images/learning/HDTS/combination/target_vs_approx_0_3_0_7.png Graphic 
file (type png)

<use ../Images/learning/HDTS/combination/target_vs_approx_0_3_0_7.png>
Package pdftex.def Info: ../Images/learning/HDTS/combination/target_vs_approx_0
_3_0_7.png used on input line 1182.
(pdftex.def)             Requested size: 145.53665pt x 109.15501pt.

<../Images/learning/HDTS/combination/target_vs_approx_0_7_0_3.png, id=855, 421.
575pt x 316.18124pt>
File: ../Images/learning/HDTS/combination/target_vs_approx_0_7_0_3.png Graphic 
file (type png)

<use ../Images/learning/HDTS/combination/target_vs_approx_0_7_0_3.png>
Package pdftex.def Info: ../Images/learning/HDTS/combination/target_vs_approx_0
_7_0_3.png used on input line 1183.
(pdftex.def)             Requested size: 145.53665pt x 109.15501pt.

Overfull \hbox (5.59221pt too wide) in paragraph at lines 1180--1183
 [][][][][][] 
 []


<../Images/learning/HDTS/combination/target_vs_approx_1_0_5.png, id=856, 421.57
5pt x 316.18124pt>
File: ../Images/learning/HDTS/combination/target_vs_approx_1_0_5.png Graphic fi
le (type png)

<use ../Images/learning/HDTS/combination/target_vs_approx_1_0_5.png>
Package pdftex.def Info: ../Images/learning/HDTS/combination/target_vs_approx_1
_0_5.png used on input line 1185.
(pdftex.def)             Requested size: 145.53665pt x 109.15501pt.

<../Images/learning/HDTS/combination/target_vs_approx_0_5_1.png, id=857, 421.57
5pt x 316.18124pt>
File: ../Images/learning/HDTS/combination/target_vs_approx_0_5_1.png Graphic fi
le (type png)

<use ../Images/learning/HDTS/combination/target_vs_approx_0_5_1.png>
Package pdftex.def Info: ../Images/learning/HDTS/combination/target_vs_approx_0
_5_1.png used on input line 1186.
(pdftex.def)             Requested size: 145.53665pt x 109.15501pt.

<../Images/learning/HDTS/combination/target_vs_approx_1_2_1_2.png, id=858, 421.
575pt x 316.18124pt>
File: ../Images/learning/HDTS/combination/target_vs_approx_1_2_1_2.png Graphic 
file (type png)

<use ../Images/learning/HDTS/combination/target_vs_approx_1_2_1_2.png>
Package pdftex.def Info: ../Images/learning/HDTS/combination/target_vs_approx_1
_2_1_2.png used on input line 1187.
(pdftex.def)             Requested size: 145.53665pt x 109.15501pt.

Overfull \hbox (5.59221pt too wide) in paragraph at lines 1184--1188
 [][][][][][] 
 []

[41 <../Images/learning/HDTS/one_HDTS_two_targets_destroy.png (PNG copy)>]
<../Images/learning/HDTS/combination/multi/target_vs_approx_3_targets.png, id=8
70, 746.79pt x 316.18124pt>
File: ../Images/learning/HDTS/combination/multi/target_vs_approx_3_targets.png 
Graphic file (type png)

<use ../Images/learning/HDTS/combination/multi/target_vs_approx_3_targets.png>
Package pdftex.def Info: ../Images/learning/HDTS/combination/multi/target_vs_ap
prox_3_targets.png used on input line 1198.
(pdftex.def)             Requested size: 441.01773pt x 186.719pt.

[42 <../Images/learning/HDTS/combination/target_vs_approx_0_5_0_5.png (PNG copy
)> <../Images/learning/HDTS/combination/target_vs_approx_0_3_0_7.png (PNG copy)
> <../Images/learning/HDTS/combination/target_vs_approx_0_7_0_3.png (PNG copy)>
 <../Images/learning/HDTS/combination/target_vs_approx_1_0_5.png (PNG copy)> <.
./Images/learning/HDTS/combination/target_vs_approx_0_5_1.png (PNG copy)> <../I
mages/learning/HDTS/combination/target_vs_approx_1_2_1_2.png (PNG copy)>]
<../Images/learn_trajectories/HDTS_help/trajectory_1_no_HDTS.png, id=886, 451.6
875pt x 497.60907pt>
File: ../Images/learn_trajectories/HDTS_help/trajectory_1_no_HDTS.png Graphic f
ile (type png)

<use ../Images/learn_trajectories/HDTS_help/trajectory_1_no_HDTS.png>
Package pdftex.def Info: ../Images/learn_trajectories/HDTS_help/trajectory_1_no
_HDTS.png used on input line 1233.
(pdftex.def)             Requested size: 220.50887pt x 242.93462pt.

<../Images/learn_trajectories/HDTS_help/trajectory_2_no_HDTS.png, id=887, 451.6
875pt x 497.60907pt>
File: ../Images/learn_trajectories/HDTS_help/trajectory_2_no_HDTS.png Graphic f
ile (type png)

<use ../Images/learn_trajectories/HDTS_help/trajectory_2_no_HDTS.png>
Package pdftex.def Info: ../Images/learn_trajectories/HDTS_help/trajectory_2_no
_HDTS.png used on input line 1234.
(pdftex.def)             Requested size: 220.50887pt x 242.93462pt.

Overfull \hbox (6.66666pt too wide) in paragraph at lines 1232--1234
 [][][][] 
 []


<../Images/learn_trajectories/HDTS_help/trajectory_3_no_HDTS.png, id=888, 451.6
875pt x 497.60907pt>
File: ../Images/learn_trajectories/HDTS_help/trajectory_3_no_HDTS.png Graphic f
ile (type png)

<use ../Images/learn_trajectories/HDTS_help/trajectory_3_no_HDTS.png>
Package pdftex.def Info: ../Images/learn_trajectories/HDTS_help/trajectory_3_no
_HDTS.png used on input line 1235.
(pdftex.def)             Requested size: 220.50887pt x 242.93462pt.

<../Images/learn_trajectories/HDTS_help/trajectory_4_no_HDTS.png, id=889, 451.6
875pt x 497.60907pt>
File: ../Images/learn_trajectories/HDTS_help/trajectory_4_no_HDTS.png Graphic f
ile (type png)

<use ../Images/learn_trajectories/HDTS_help/trajectory_4_no_HDTS.png>
Package pdftex.def Info: ../Images/learn_trajectories/HDTS_help/trajectory_4_no
_HDTS.png used on input line 1236.
(pdftex.def)             Requested size: 220.50887pt x 242.93462pt.

Overfull \hbox (6.66666pt too wide) in paragraph at lines 1235--1236
 [][][][] 
 []

[43 <../Images/learning/HDTS/combination/multi/target_vs_approx_3_targets.png (
PNG copy)>]
<../Images/learn_trajectories/HDTS_help/trajectory_1_HDTS.png, id=896, 451.6875
pt x 497.60907pt>
File: ../Images/learn_trajectories/HDTS_help/trajectory_1_HDTS.png Graphic file
 (type png)

<use ../Images/learn_trajectories/HDTS_help/trajectory_1_HDTS.png>
Package pdftex.def Info: ../Images/learn_trajectories/HDTS_help/trajectory_1_HD
TS.png used on input line 1244.
(pdftex.def)             Requested size: 220.50887pt x 242.93462pt.

<../Images/learn_trajectories/HDTS_help/trajectory_2_HDTS.png, id=897, 451.6875
pt x 497.60907pt>
File: ../Images/learn_trajectories/HDTS_help/trajectory_2_HDTS.png Graphic file
 (type png)

<use ../Images/learn_trajectories/HDTS_help/trajectory_2_HDTS.png>
Package pdftex.def Info: ../Images/learn_trajectories/HDTS_help/trajectory_2_HD
TS.png used on input line 1245.
(pdftex.def)             Requested size: 220.50887pt x 242.93462pt.

Overfull \hbox (6.66666pt too wide) in paragraph at lines 1243--1245
 [][][][] 
 []


<../Images/learn_trajectories/HDTS_help/trajectory_3_HDTS.png, id=898, 451.6875
pt x 497.60907pt>
File: ../Images/learn_trajectories/HDTS_help/trajectory_3_HDTS.png Graphic file
 (type png)

<use ../Images/learn_trajectories/HDTS_help/trajectory_3_HDTS.png>
Package pdftex.def Info: ../Images/learn_trajectories/HDTS_help/trajectory_3_HD
TS.png used on input line 1246.
(pdftex.def)             Requested size: 220.50887pt x 242.93462pt.

<../Images/learn_trajectories/HDTS_help/trajectory_4_HDTS.png, id=899, 451.6875
pt x 497.60907pt>
File: ../Images/learn_trajectories/HDTS_help/trajectory_4_HDTS.png Graphic file
 (type png)

<use ../Images/learn_trajectories/HDTS_help/trajectory_4_HDTS.png>
Package pdftex.def Info: ../Images/learn_trajectories/HDTS_help/trajectory_4_HD
TS.png used on input line 1247.
(pdftex.def)             Requested size: 220.50887pt x 242.93462pt.

Overfull \hbox (6.66666pt too wide) in paragraph at lines 1246--1247
 [][][][] 
 []

[44 <../Images/learn_trajectories/HDTS_help/trajectory_1_no_HDTS.png (PNG copy)
> <../Images/learn_trajectories/HDTS_help/trajectory_2_no_HDTS.png (PNG copy)> 
<../Images/learn_trajectories/HDTS_help/trajectory_3_no_HDTS.png (PNG copy)> <.
./Images/learn_trajectories/HDTS_help/trajectory_4_no_HDTS.png (PNG copy)>]
<../Images/learn_trajectories/HDTS_speedup/trajectory_1.png, id=909, 451.6875pt
 x 497.60907pt>
File: ../Images/learn_trajectories/HDTS_speedup/trajectory_1.png Graphic file (
type png)

<use ../Images/learn_trajectories/HDTS_speedup/trajectory_1.png>
Package pdftex.def Info: ../Images/learn_trajectories/HDTS_speedup/trajectory_1
.png used on input line 1262.
(pdftex.def)             Requested size: 220.50887pt x 242.93462pt.

<../Images/learn_trajectories/HDTS_speedup/trajectory_2.png, id=910, 451.6875pt
 x 497.60907pt>
File: ../Images/learn_trajectories/HDTS_speedup/trajectory_2.png Graphic file (
type png)

<use ../Images/learn_trajectories/HDTS_speedup/trajectory_2.png>
Package pdftex.def Info: ../Images/learn_trajectories/HDTS_speedup/trajectory_2
.png used on input line 1263.
(pdftex.def)             Requested size: 220.50887pt x 242.93462pt.

Overfull \hbox (6.66666pt too wide) in paragraph at lines 1261--1263
 [][][][] 
 []


<../Images/learn_trajectories/HDTS_speedup/trajectory_3.png, id=911, 451.6875pt
 x 497.60907pt>
File: ../Images/learn_trajectories/HDTS_speedup/trajectory_3.png Graphic file (
type png)

<use ../Images/learn_trajectories/HDTS_speedup/trajectory_3.png>
Package pdftex.def Info: ../Images/learn_trajectories/HDTS_speedup/trajectory_3
.png used on input line 1264.
(pdftex.def)             Requested size: 220.50887pt x 242.93462pt.

<../Images/learn_trajectories/HDTS_speedup/trajectory_4.png, id=912, 451.6875pt
 x 497.60907pt>
File: ../Images/learn_trajectories/HDTS_speedup/trajectory_4.png Graphic file (
type png)

<use ../Images/learn_trajectories/HDTS_speedup/trajectory_4.png>
Package pdftex.def Info: ../Images/learn_trajectories/HDTS_speedup/trajectory_4
.png used on input line 1265.
(pdftex.def)             Requested size: 220.50887pt x 242.93462pt.

Overfull \hbox (6.66666pt too wide) in paragraph at lines 1264--1265
 [][][][] 
 []

[45 <../Images/learn_trajectories/HDTS_help/trajectory_1_HDTS.png (PNG copy)> <
../Images/learn_trajectories/HDTS_help/trajectory_2_HDTS.png (PNG copy)> <../Im
ages/learn_trajectories/HDTS_help/trajectory_3_HDTS.png (PNG copy)> <../Images/
learn_trajectories/HDTS_help/trajectory_4_HDTS.png (PNG copy)>]
<../Images/learn_trajectories/HDTS_trigger/trajectory_1.png, id=923, 451.6875pt
 x 477.28313pt>
File: ../Images/learn_trajectories/HDTS_trigger/trajectory_1.png Graphic file (
type png)

<use ../Images/learn_trajectories/HDTS_trigger/trajectory_1.png>
Package pdftex.def Info: ../Images/learn_trajectories/HDTS_trigger/trajectory_1
.png used on input line 1278.
(pdftex.def)             Requested size: 220.50887pt x 233.01141pt.

<../Images/learn_trajectories/HDTS_trigger/trajectory_2.png, id=924, 451.6875pt
 x 497.60907pt>
File: ../Images/learn_trajectories/HDTS_trigger/trajectory_2.png Graphic file (
type png)

<use ../Images/learn_trajectories/HDTS_trigger/trajectory_2.png>
Package pdftex.def Info: ../Images/learn_trajectories/HDTS_trigger/trajectory_2
.png used on input line 1279.
(pdftex.def)             Requested size: 220.50887pt x 242.93462pt.

Overfull \hbox (6.66666pt too wide) in paragraph at lines 1277--1279
 [][][][] 
 []


<../Images/learn_trajectories/HDTS_trigger/trajectory_3.png, id=925, 451.6875pt
 x 497.60907pt>
File: ../Images/learn_trajectories/HDTS_trigger/trajectory_3.png Graphic file (
type png)

<use ../Images/learn_trajectories/HDTS_trigger/trajectory_3.png>
Package pdftex.def Info: ../Images/learn_trajectories/HDTS_trigger/trajectory_3
.png used on input line 1280.
(pdftex.def)             Requested size: 220.50887pt x 242.93462pt.

<../Images/learn_trajectories/HDTS_trigger/trajectory_4.png, id=926, 451.6875pt
 x 497.60907pt>
File: ../Images/learn_trajectories/HDTS_trigger/trajectory_4.png Graphic file (
type png)

<use ../Images/learn_trajectories/HDTS_trigger/trajectory_4.png>
Package pdftex.def Info: ../Images/learn_trajectories/HDTS_trigger/trajectory_4
.png used on input line 1281.
(pdftex.def)             Requested size: 220.50887pt x 242.93462pt.

Overfull \hbox (6.66666pt too wide) in paragraph at lines 1280--1282
 [][][][] 
 []

[46 <../Images/learn_trajectories/HDTS_speedup/trajectory_1.png (PNG copy)> <..
/Images/learn_trajectories/HDTS_speedup/trajectory_2.png (PNG copy)> <../Images
/learn_trajectories/HDTS_speedup/trajectory_3.png (PNG copy)> <../Images/learn_
trajectories/HDTS_speedup/trajectory_4.png (PNG copy)>]
<../Images/learn_trajectories/trajectory_1234.png, id=937, 577.40718pt x 497.60
907pt>
File: ../Images/learn_trajectories/trajectory_1234.png Graphic file (type png)
 <use ../Images/learn_trajectories/trajectory_1234.png>
Package pdftex.def Info: ../Images/learn_trajectories/trajectory_1234.png used 
on input line 1297.
(pdftex.def)             Requested size: 441.01773pt x 380.08504pt.
 [47 <../Images/learn_trajectories/HDTS_trigger/trajectory_1.png (PNG copy)> <.
./Images/learn_trajectories/HDTS_trigger/trajectory_2.png (PNG copy)> <../Image
s/learn_trajectories/HDTS_trigger/trajectory_3.png (PNG copy)> <../Images/learn
_trajectories/HDTS_trigger/trajectory_4.png (PNG copy)>]
<../Images/learn_trajectories/HDTS_combine/interpolate_12.png, id=949, 451.6875
pt x 497.60907pt>
File: ../Images/learn_trajectories/HDTS_combine/interpolate_12.png Graphic file
 (type png)

<use ../Images/learn_trajectories/HDTS_combine/interpolate_12.png>
Package pdftex.def Info: ../Images/learn_trajectories/HDTS_combine/interpolate_
12.png used on input line 1315.
(pdftex.def)             Requested size: 220.50887pt x 242.93462pt.

<../Images/learn_trajectories/HDTS_combine/interpolate_34.png, id=950, 459.2156
2pt x 497.60907pt>
File: ../Images/learn_trajectories/HDTS_combine/interpolate_34.png Graphic file
 (type png)

<use ../Images/learn_trajectories/HDTS_combine/interpolate_34.png>
Package pdftex.def Info: ../Images/learn_trajectories/HDTS_combine/interpolate_
34.png used on input line 1316.
(pdftex.def)             Requested size: 220.50887pt x 238.94835pt.

<../Images/learn_trajectories/HDTS_combine/interpolate_123.png, id=951, 451.687
5pt x 477.28313pt>
File: ../Images/learn_trajectories/HDTS_combine/interpolate_123.png Graphic fil
e (type png)

<use ../Images/learn_trajectories/HDTS_combine/interpolate_123.png>
Package pdftex.def Info: ../Images/learn_trajectories/HDTS_combine/interpolate_
123.png used on input line 1317.
(pdftex.def)             Requested size: 220.50887pt x 233.01141pt.

<../Images/learn_trajectories/HDTS_combine/interpolate_1234.png, id=952, 451.68
75pt x 497.60907pt>
File: ../Images/learn_trajectories/HDTS_combine/interpolate_1234.png Graphic fi
le (type png)

<use ../Images/learn_trajectories/HDTS_combine/interpolate_1234.png>
Package pdftex.def Info: ../Images/learn_trajectories/HDTS_combine/interpolate_
1234.png used on input line 1318.
(pdftex.def)             Requested size: 220.50887pt x 242.93462pt.
 [48 <../Images/learn_trajectories/trajectory_1234.png (PNG copy)>] [49 <../Ima
ges/learn_trajectories/HDTS_combine/interpolate_12.png (PNG copy)> <../Images/l
earn_trajectories/HDTS_combine/interpolate_34.png (PNG copy)> <../Images/learn_
trajectories/HDTS_combine/interpolate_123.png (PNG copy)> <../Images/learn_traj
ectories/HDTS_combine/interpolate_1234.png (PNG copy)>]

LaTeX Warning: Marginpar on page 50 moved.

[50]

LaTeX Warning: Marginpar on page 51 moved.


Underfull \hbox (badness 2698) in paragraph at lines 1404--1407
 []\OT1/cmr/bx/n/10 For []Fig-ure 3.14[][][] \OT1/cmr/m/n/10 train-in-ing as ab
ove. Af-ter train-ing 2 sec-onds with-out HDTS then
 []


Underfull \hbox (badness 2846) in paragraph at lines 1404--1407
\OT1/cmr/m/n/10 3*T with lin-ear com-bi-na-tions of the HDTS. for in-ter-po-la-
tion us-ing the fol-low-ing $(\OML/cmm/m/it/10 ; ^^L\OT1/cmr/m/n/10 )$
 []


Underfull \hbox (badness 4391) in paragraph at lines 1404--1407
\OT1/cmr/m/n/10 pairs: $[(0\OML/cmm/m/it/10 :\OT1/cmr/m/n/10 5\OML/cmm/m/it/10 
; \OT1/cmr/m/n/10 0\OML/cmm/m/it/10 :\OT1/cmr/m/n/10 5) (0\OML/cmm/m/it/10 :\OT
1/cmr/m/n/10 3\OML/cmm/m/it/10 ; \OT1/cmr/m/n/10 0\OML/cmm/m/it/10 :\OT1/cmr/m/
n/10 7) (0\OML/cmm/m/it/10 :\OT1/cmr/m/n/10 7\OML/cmm/m/it/10 ; \OT1/cmr/m/n/10
 0\OML/cmm/m/it/10 :\OT1/cmr/m/n/10 3)]$, for ex-trap-o-la-tion us-ing the fol-
low-ing $(\OML/cmm/m/it/10 ; ^^L\OT1/cmr/m/n/10 )$ pairs:
 []

[51]
Chapter 4.
[52

]
Chapter 5.
(./Tesi Magistrale - Carlo Alessi.bbl [53

]) [54

]
Package atveryend Info: Empty hook `BeforeClearDocument' on input line 1437.
Package atveryend Info: Empty hook `AfterLastShipout' on input line 1437.

(./Tesi Magistrale - Carlo Alessi.aux)
Package atveryend Info: Executing hook `AtVeryEndDocument' on input line 1437.
Package atveryend Info: Executing hook `AtEndAfterFileList' on input line 1437.

Package rerunfilecheck Info: File `"Tesi Magistrale - Carlo Alessi".out' has no
t changed.
(rerunfilecheck)             Checksum: F76ACF35CBF9426D9FDF87CA7515CBDC;3177.
Package atveryend Info: Empty hook `AtVeryVeryEnd' on input line 1437.
 ) 
Here is how much of TeX's memory you used:
 20127 strings out of 493029
 389795 string characters out of 6136233
 509899 words of memory out of 5000000
 22784 multiletter control sequences out of 15000+600000
 20790 words of font info for 76 fonts, out of 8000000 for 9000
 1141 hyphenation exceptions out of 8191
 62i,16n,96p,1297b,868s stack positions out of 5000i,500n,10000p,200000b,80000s
</usr/share/texlive/texmf-dist/fonts/type1/public/amsfonts/cm/cmbsy10.pfb></u
sr/share/texlive/texmf-dist/fonts/type1/public/amsfonts/cm/cmbx10.pfb></usr/sha
re/texlive/texmf-dist/fonts/type1/public/amsfonts/cm/cmbx12.pfb></usr/share/tex
live/texmf-dist/fonts/type1/public/amsfonts/cm/cmbx7.pfb></usr/share/texlive/te
xmf-dist/fonts/type1/public/amsfonts/cm/cmbx8.pfb></usr/share/texlive/texmf-dis
t/fonts/type1/public/amsfonts/cm/cmbx9.pfb></usr/share/texlive/texmf-dist/fonts
/type1/public/amsfonts/cm/cmex10.pfb></usr/share/texlive/texmf-dist/fonts/type1
/public/amsfonts/cm/cmmi10.pfb></usr/share/texlive/texmf-dist/fonts/type1/publi
c/amsfonts/cm/cmmi12.pfb></usr/share/texlive/texmf-dist/fonts/type1/public/amsf
onts/cm/cmmi5.pfb></usr/share/texlive/texmf-dist/fonts/type1/public/amsfonts/cm
/cmmi6.pfb></usr/share/texlive/texmf-dist/fonts/type1/public/amsfonts/cm/cmmi7.
pfb></usr/share/texlive/texmf-dist/fonts/type1/public/amsfonts/cm/cmmi8.pfb></u
sr/share/texlive/texmf-dist/fonts/type1/public/amsfonts/cm/cmmi9.pfb></usr/shar
e/texlive/texmf-dist/fonts/type1/public/amsfonts/cm/cmmib10.pfb></usr/share/tex
live/texmf-dist/fonts/type1/public/amsfonts/cmextra/cmmib7.pfb></usr/share/texl
ive/texmf-dist/fonts/type1/public/amsfonts/cm/cmr10.pfb></usr/share/texlive/tex
mf-dist/fonts/type1/public/amsfonts/cm/cmr12.pfb></usr/share/texlive/texmf-dist
/fonts/type1/public/amsfonts/cm/cmr17.pfb></usr/share/texlive/texmf-dist/fonts/
type1/public/amsfonts/cm/cmr5.pfb></usr/share/texlive/texmf-dist/fonts/type1/pu
blic/amsfonts/cm/cmr6.pfb></usr/share/texlive/texmf-dist/fonts/type1/public/ams
fonts/cm/cmr7.pfb></usr/share/texlive/texmf-dist/fonts/type1/public/amsfonts/cm
/cmr8.pfb></usr/share/texlive/texmf-dist/fonts/type1/public/amsfonts/cm/cmr9.pf
b></usr/share/texlive/texmf-dist/fonts/type1/public/amsfonts/cm/cmsy10.pfb></us
r/share/texlive/texmf-dist/fonts/type1/public/amsfonts/cm/cmsy5.pfb></usr/share
/texlive/texmf-dist/fonts/type1/public/amsfonts/cm/cmsy6.pfb></usr/share/texliv
e/texmf-dist/fonts/type1/public/amsfonts/cm/cmsy7.pfb></usr/share/texlive/texmf
-dist/fonts/type1/public/amsfonts/cm/cmsy9.pfb></usr/share/texlive/texmf-dist/f
onts/type1/public/amsfonts/cm/cmti10.pfb></usr/share/texlive/texmf-dist/fonts/t
ype1/public/amsfonts/cm/cmti8.pfb></usr/share/texlive/texmf-dist/fonts/type1/pu
blic/amsfonts/symbols/msam7.pfb></usr/share/texlive/texmf-dist/fonts/type1/publ
ic/amsfonts/symbols/msbm10.pfb>
Output written on "Tesi Magistrale - Carlo Alessi.pdf" (56 pages, 4392089 bytes
).
PDF statistics:
 1226 PDF objects out of 1440 (max. 8388607)
 1003 compressed objects within 11 object streams
 387 named destinations out of 1000 (max. 500000)
 884 words of extra memory for PDF output out of 10000 (max. 10000000)

